{"/home/travis/build/npmtest/node-npmtest-ng-dialog/test.js":{"path":"/home/travis/build/npmtest/node-npmtest-ng-dialog/test.js","s":{"1":2,"2":2,"3":2,"4":2,"5":2,"6":2,"7":2,"8":1,"9":2,"10":2,"11":1,"12":1,"13":1,"14":1,"15":2,"16":2,"17":2,"18":2,"19":1,"20":1,"21":2,"22":2,"23":2,"24":1,"25":1,"26":1,"27":1,"28":1,"29":1,"30":1,"31":1,"32":1,"33":1,"34":1,"35":1,"36":1,"37":1,"38":1,"39":2,"40":2,"41":1,"42":2,"43":2,"44":1,"45":2,"46":2,"47":1,"48":2,"49":2,"50":1,"51":1,"52":1,"53":1,"54":1},"b":{"1":[2,1,1,1],"2":[1,1,1,1],"3":[1,1],"4":[1,1],"5":[1,1],"6":[1,1],"7":[1,1],"8":[1,1],"9":[1,1],"10":[1,1,1],"11":[1,1],"12":[1,1],"13":[1,1],"14":[1,1],"15":[1,1],"16":[1,1],"17":[1,1]},"f":{"1":2,"2":2,"3":2,"4":2,"5":2,"6":1,"7":1,"8":1,"9":2,"10":2,"11":2,"12":2,"13":1},"fnMap":{"1":{"name":"(anonymous_1)","line":12,"loc":{"start":{"line":12,"column":1},"end":{"line":12,"column":13}}},"2":{"name":"(anonymous_2)","line":19,"loc":{"start":{"line":19,"column":5},"end":{"line":19,"column":17}}},"3":{"name":"(anonymous_3)","line":23,"loc":{"start":{"line":23,"column":24},"end":{"line":23,"column":36}}},"4":{"name":"(anonymous_4)","line":61,"loc":{"start":{"line":61,"column":5},"end":{"line":61,"column":17}}},"5":{"name":"(anonymous_5)","line":82,"loc":{"start":{"line":82,"column":5},"end":{"line":82,"column":17}}},"6":{"name":"(anonymous_6)","line":91,"loc":{"start":{"line":91,"column":77},"end":{"line":94,"column":10}}},"7":{"name":"(anonymous_7)","line":112,"loc":{"start":{"line":112,"column":83},"end":{"line":115,"column":10}},"skip":true},"8":{"name":"(anonymous_8)","line":123,"loc":{"start":{"line":123,"column":77},"end":{"line":126,"column":10}},"skip":true},"9":{"name":"(anonymous_9)","line":139,"loc":{"start":{"line":139,"column":12},"end":{"line":139,"column":40}},"skip":true},"10":{"name":"(anonymous_10)","line":147,"loc":{"start":{"line":147,"column":77},"end":{"line":150,"column":10}},"skip":true},"11":{"name":"(anonymous_11)","line":158,"loc":{"start":{"line":158,"column":83},"end":{"line":161,"column":10}},"skip":true},"12":{"name":"(anonymous_12)","line":169,"loc":{"start":{"line":169,"column":79},"end":{"line":172,"column":10}},"skip":true},"13":{"name":"(anonymous_13)","line":180,"loc":{"start":{"line":180,"column":75},"end":{"line":183,"column":10}},"skip":true}},"statementMap":{"1":{"start":{"line":12,"column":0},"end":{"line":195,"column":5}},"2":{"start":{"line":14,"column":4},"end":{"line":14,"column":14}},"3":{"start":{"line":19,"column":4},"end":{"line":56,"column":9}},"4":{"start":{"line":21,"column":8},"end":{"line":21,"column":19}},"5":{"start":{"line":23,"column":8},"end":{"line":35,"column":13}},"6":{"start":{"line":24,"column":12},"end":{"line":34,"column":13}},"7":{"start":{"line":25,"column":16},"end":{"line":28,"column":30}},"8":{"start":{"line":30,"column":16},"end":{"line":33,"column":27}},"9":{"start":{"line":37,"column":8},"end":{"line":39,"column":21}},"10":{"start":{"line":40,"column":8},"end":{"line":53,"column":9}},"11":{"start":{"line":43,"column":12},"end":{"line":46,"column":14}},"12":{"start":{"line":47,"column":12},"end":{"line":47,"column":18}},"13":{"start":{"line":50,"column":12},"end":{"line":51,"column":33}},"14":{"start":{"line":52,"column":12},"end":{"line":52,"column":18}},"15":{"start":{"line":55,"column":8},"end":{"line":55,"column":35}},"16":{"start":{"line":61,"column":4},"end":{"line":63,"column":9}},"17":{"start":{"line":62,"column":8},"end":{"line":62,"column":15}},"18":{"start":{"line":64,"column":4},"end":{"line":77,"column":5}},"19":{"start":{"line":70,"column":8},"end":{"line":70,"column":14}},"20":{"start":{"line":76,"column":8},"end":{"line":76,"column":14}},"21":{"start":{"line":82,"column":4},"end":{"line":84,"column":9}},"22":{"start":{"line":83,"column":8},"end":{"line":83,"column":15}},"23":{"start":{"line":85,"column":4},"end":{"line":194,"column":5}},"24":{"start":{"line":91,"column":8},"end":{"line":99,"column":10}},"25":{"start":{"line":98,"column":12},"end":{"line":98,"column":35}},"26":{"start":{"line":102,"column":8},"end":{"line":104,"column":63}},"27":{"start":{"line":105,"column":8},"end":{"line":105,"column":14}},"28":{"start":{"line":112,"column":8},"end":{"line":121,"column":10},"skip":true},"29":{"start":{"line":119,"column":12},"end":{"line":119,"column":55},"skip":true},"30":{"start":{"line":120,"column":12},"end":{"line":120,"column":48},"skip":true},"31":{"start":{"line":123,"column":8},"end":{"line":136,"column":10},"skip":true},"32":{"start":{"line":130,"column":12},"end":{"line":130,"column":76},"skip":true},"33":{"start":{"line":131,"column":12},"end":{"line":131,"column":73},"skip":true},"34":{"start":{"line":132,"column":12},"end":{"line":132,"column":74},"skip":true},"35":{"start":{"line":133,"column":12},"end":{"line":133,"column":79},"skip":true},"36":{"start":{"line":134,"column":12},"end":{"line":134,"column":25},"skip":true},"37":{"start":{"line":135,"column":12},"end":{"line":135,"column":45},"skip":true},"38":{"start":{"line":138,"column":8},"end":{"line":145,"column":14},"skip":true},"39":{"start":{"line":143,"column":16},"end":{"line":143,"column":29},"skip":true},"40":{"start":{"line":144,"column":16},"end":{"line":144,"column":55},"skip":true},"41":{"start":{"line":147,"column":8},"end":{"line":156,"column":10},"skip":true},"42":{"start":{"line":154,"column":12},"end":{"line":154,"column":25},"skip":true},"43":{"start":{"line":155,"column":12},"end":{"line":155,"column":45},"skip":true},"44":{"start":{"line":158,"column":8},"end":{"line":167,"column":10},"skip":true},"45":{"start":{"line":165,"column":12},"end":{"line":165,"column":25},"skip":true},"46":{"start":{"line":166,"column":12},"end":{"line":166,"column":48},"skip":true},"47":{"start":{"line":169,"column":8},"end":{"line":178,"column":10},"skip":true},"48":{"start":{"line":176,"column":12},"end":{"line":176,"column":25},"skip":true},"49":{"start":{"line":177,"column":12},"end":{"line":177,"column":46},"skip":true},"50":{"start":{"line":180,"column":8},"end":{"line":189,"column":10},"skip":true},"51":{"start":{"line":187,"column":12},"end":{"line":187,"column":94},"skip":true},"52":{"start":{"line":188,"column":12},"end":{"line":188,"column":48},"skip":true},"53":{"start":{"line":192,"column":8},"end":{"line":192,"column":35},"skip":true},"54":{"start":{"line":193,"column":8},"end":{"line":193,"column":14},"skip":true}},"branchMap":{"1":{"line":25,"type":"binary-expr","locations":[{"start":{"line":25,"column":23},"end":{"line":25,"column":62}},{"start":{"line":26,"column":20},"end":{"line":26,"column":70}},{"start":{"line":27,"column":20},"end":{"line":27,"column":71}},{"start":{"line":28,"column":20},"end":{"line":28,"column":29}}]},"2":{"line":30,"type":"binary-expr","locations":[{"start":{"line":30,"column":23},"end":{"line":30,"column":37}},{"start":{"line":31,"column":20},"end":{"line":31,"column":61}},{"start":{"line":32,"column":20},"end":{"line":32,"column":70}},{"start":{"line":33,"column":20},"end":{"line":33,"column":26}}]},"3":{"line":37,"type":"cond-expr","locations":[{"start":{"line":38,"column":14},"end":{"line":38,"column":20}},{"start":{"line":39,"column":14},"end":{"line":39,"column":20}}]},"4":{"line":40,"type":"switch","locations":[{"start":{"line":42,"column":8},"end":{"line":47,"column":18}},{"start":{"line":49,"column":8},"end":{"line":52,"column":18}}]},"5":{"line":44,"type":"binary-expr","locations":[{"start":{"line":44,"column":16},"end":{"line":44,"column":44}},{"start":{"line":44,"column":48},"end":{"line":44,"column":66}}]},"6":{"line":50,"type":"binary-expr","locations":[{"start":{"line":50,"column":21},"end":{"line":50,"column":49}},{"start":{"line":50,"column":53},"end":{"line":50,"column":72}}]},"7":{"line":64,"type":"switch","locations":[{"start":{"line":69,"column":4},"end":{"line":70,"column":14}},{"start":{"line":75,"column":4},"end":{"line":76,"column":14}}]},"8":{"line":85,"type":"switch","locations":[{"start":{"line":90,"column":4},"end":{"line":105,"column":14}},{"start":{"line":111,"column":4},"end":{"line":193,"column":14},"skip":true}]},"9":{"line":91,"type":"binary-expr","locations":[{"start":{"line":91,"column":42},"end":{"line":91,"column":73}},{"start":{"line":91,"column":77},"end":{"line":99,"column":9}}]},"10":{"line":102,"type":"binary-expr","locations":[{"start":{"line":102,"column":18},"end":{"line":102,"column":32}},{"start":{"line":103,"column":12},"end":{"line":103,"column":53}},{"start":{"line":104,"column":12},"end":{"line":104,"column":61}}]},"11":{"line":112,"type":"binary-expr","locations":[{"start":{"line":112,"column":45},"end":{"line":112,"column":79},"skip":true},{"start":{"line":112,"column":83},"end":{"line":121,"column":9},"skip":true}]},"12":{"line":123,"type":"binary-expr","locations":[{"start":{"line":123,"column":42},"end":{"line":123,"column":73},"skip":true},{"start":{"line":123,"column":77},"end":{"line":136,"column":9},"skip":true}]},"13":{"line":138,"type":"binary-expr","locations":[{"start":{"line":138,"column":48},"end":{"line":138,"column":85},"skip":true},{"start":{"line":139,"column":12},"end":{"line":145,"column":13},"skip":true}]},"14":{"line":147,"type":"binary-expr","locations":[{"start":{"line":147,"column":42},"end":{"line":147,"column":73},"skip":true},{"start":{"line":147,"column":77},"end":{"line":156,"column":9},"skip":true}]},"15":{"line":158,"type":"binary-expr","locations":[{"start":{"line":158,"column":45},"end":{"line":158,"column":79},"skip":true},{"start":{"line":158,"column":83},"end":{"line":167,"column":9},"skip":true}]},"16":{"line":169,"type":"binary-expr","locations":[{"start":{"line":169,"column":43},"end":{"line":169,"column":75},"skip":true},{"start":{"line":169,"column":79},"end":{"line":178,"column":9},"skip":true}]},"17":{"line":180,"type":"binary-expr","locations":[{"start":{"line":180,"column":41},"end":{"line":180,"column":71},"skip":true},{"start":{"line":180,"column":75},"end":{"line":189,"column":9},"skip":true}]}},"code":["/* istanbul instrument in package npmtest_ng_dialog */","/*jslint","    bitwise: true,","    browser: true,","    maxerr: 8,","    maxlen: 96,","    node: true,","    nomen: true,","    regexp: true,","    stupid: true","*/","(function () {","    'use strict';","    var local;","","","","    // run shared js-env code - pre-init","    (function () {","        // init local","        local = {};","        // init modeJs","        local.modeJs = (function () {","            try {","                return typeof navigator.userAgent === 'string' &&","                    typeof document.querySelector('body') === 'object' &&","                    typeof XMLHttpRequest.prototype.open === 'function' &&","                    'browser';","            } catch (errorCaughtBrowser) {","                return module.exports &&","                    typeof process.versions.node === 'string' &&","                    typeof require('http').createServer === 'function' &&","                    'node';","            }","        }());","        // init global","        local.global = local.modeJs === 'browser'","            ? window","            : global;","        switch (local.modeJs) {","        // re-init local from window.local","        case 'browser':","            local = local.global.utility2.objectSetDefault(","                local.global.utility2_rollup || local.global.local,","                local.global.utility2","            );","            break;","        // re-init local from example.js","        case 'node':","            local = (local.global.utility2_rollup || require('utility2'))","                .requireReadme();","            break;","        }","        // export local","        local.global.local = local;","    }());","","","","    // run shared js-env code - function","    (function () {","        return;","    }());","    switch (local.modeJs) {","","","","    // run browser js-env code - function","    case 'browser':","        break;","","","","    // run node js-env code - function","    case 'node':","        break;","    }","","","","    // run shared js-env code - post-init","    (function () {","        return;","    }());","    switch (local.modeJs) {","","","","    // run browser js-env code - post-init","    case 'browser':","        local.testCase_browser_nullCase = local.testCase_browser_nullCase || function (","            options,","            onError","        ) {","        /*","         * this function will test browsers's null-case handling-behavior-behavior","         */","            onError(null, options);","        };","","        // run tests","        local.nop(local.modeTest &&","            document.querySelector('#testRunButton1') &&","            document.querySelector('#testRunButton1').click());","        break;","","","","    // run node js-env code - post-init","    /* istanbul ignore next */","    case 'node':","        local.testCase_buildApidoc_default = local.testCase_buildApidoc_default || function (","            options,","            onError","        ) {","        /*","         * this function will test buildApidoc's default handling-behavior-behavior","         */","            options = { modulePathList: module.paths };","            local.buildApidoc(options, onError);","        };","","        local.testCase_buildApp_default = local.testCase_buildApp_default || function (","            options,","            onError","        ) {","        /*","         * this function will test buildApp's default handling-behavior-behavior","         */","            local.testCase_buildReadme_default(options, local.onErrorThrow);","            local.testCase_buildLib_default(options, local.onErrorThrow);","            local.testCase_buildTest_default(options, local.onErrorThrow);","            local.testCase_buildCustomOrg_default(options, local.onErrorThrow);","            options = [];","            local.buildApp(options, onError);","        };","","        local.testCase_buildCustomOrg_default = local.testCase_buildCustomOrg_default ||","            function (options, onError) {","            /*","             * this function will test buildCustomOrg's default handling-behavior","             */","                options = {};","                local.buildCustomOrg(options, onError);","            };","","        local.testCase_buildLib_default = local.testCase_buildLib_default || function (","            options,","            onError","        ) {","        /*","         * this function will test buildLib's default handling-behavior","         */","            options = {};","            local.buildLib(options, onError);","        };","","        local.testCase_buildReadme_default = local.testCase_buildReadme_default || function (","            options,","            onError","        ) {","        /*","         * this function will test buildReadme's default handling-behavior-behavior","         */","            options = {};","            local.buildReadme(options, onError);","        };","","        local.testCase_buildTest_default = local.testCase_buildTest_default || function (","            options,","            onError","        ) {","        /*","         * this function will test buildTest's default handling-behavior","         */","            options = {};","            local.buildTest(options, onError);","        };","","        local.testCase_webpage_default = local.testCase_webpage_default || function (","            options,","            onError","        ) {","        /*","         * this function will test webpage's default handling-behavior","         */","            options = { modeCoverageMerge: true, url: local.serverLocalHost + '?modeTest=1' };","            local.browserTest(options, onError);","        };","","        // run test-server","        local.testRunServer(local);","        break;","    }","}());",""],"l":{"12":2,"14":2,"19":2,"21":2,"23":2,"24":2,"25":2,"30":1,"37":2,"40":2,"43":1,"47":1,"50":1,"52":1,"55":2,"61":2,"62":2,"64":2,"70":1,"76":1,"82":2,"83":2,"85":2,"91":1,"98":1,"102":1,"105":1,"112":1,"119":1,"120":1,"123":1,"130":1,"131":1,"132":1,"133":1,"134":1,"135":1,"138":1,"143":2,"144":2,"147":1,"154":2,"155":2,"158":1,"165":2,"166":2,"169":1,"176":2,"177":2,"180":1,"187":1,"188":1,"192":1,"193":1}},"/home/travis/build/npmtest/node-npmtest-ng-dialog/lib.npmtest_ng_dialog.js":{"path":"/home/travis/build/npmtest/node-npmtest-ng-dialog/lib.npmtest_ng_dialog.js","s":{"1":2,"2":2,"3":2,"4":2,"5":2,"6":2,"7":2,"8":1,"9":2,"10":2,"11":2,"12":2,"13":1,"14":1,"15":1,"16":1},"b":{"1":[2,1,1,1],"2":[1,1,1,1],"3":[1,1],"4":[2,2],"5":[1,1]},"f":{"1":2,"2":2,"3":2},"fnMap":{"1":{"name":"(anonymous_1)","line":12,"loc":{"start":{"line":12,"column":1},"end":{"line":12,"column":13}}},"2":{"name":"(anonymous_2)","line":19,"loc":{"start":{"line":19,"column":5},"end":{"line":19,"column":17}}},"3":{"name":"(anonymous_3)","line":23,"loc":{"start":{"line":23,"column":24},"end":{"line":23,"column":36}}}},"statementMap":{"1":{"start":{"line":12,"column":0},"end":{"line":53,"column":5}},"2":{"start":{"line":14,"column":4},"end":{"line":14,"column":14}},"3":{"start":{"line":19,"column":4},"end":{"line":52,"column":9}},"4":{"start":{"line":21,"column":8},"end":{"line":21,"column":19}},"5":{"start":{"line":23,"column":8},"end":{"line":35,"column":13}},"6":{"start":{"line":24,"column":12},"end":{"line":34,"column":13}},"7":{"start":{"line":25,"column":16},"end":{"line":28,"column":30}},"8":{"start":{"line":30,"column":16},"end":{"line":33,"column":27}},"9":{"start":{"line":37,"column":8},"end":{"line":39,"column":21}},"10":{"start":{"line":41,"column":8},"end":{"line":41,"column":54}},"11":{"start":{"line":43,"column":8},"end":{"line":43,"column":54}},"12":{"start":{"line":45,"column":8},"end":{"line":51,"column":9}},"13":{"start":{"line":46,"column":12},"end":{"line":46,"column":60}},"14":{"start":{"line":48,"column":12},"end":{"line":48,"column":35}},"15":{"start":{"line":49,"column":12},"end":{"line":49,"column":49}},"16":{"start":{"line":50,"column":12},"end":{"line":50,"column":43}}},"branchMap":{"1":{"line":25,"type":"binary-expr","locations":[{"start":{"line":25,"column":23},"end":{"line":25,"column":62}},{"start":{"line":26,"column":20},"end":{"line":26,"column":70}},{"start":{"line":27,"column":20},"end":{"line":27,"column":71}},{"start":{"line":28,"column":20},"end":{"line":28,"column":29}}]},"2":{"line":30,"type":"binary-expr","locations":[{"start":{"line":30,"column":23},"end":{"line":30,"column":37}},{"start":{"line":31,"column":20},"end":{"line":31,"column":61}},{"start":{"line":32,"column":20},"end":{"line":32,"column":70}},{"start":{"line":33,"column":20},"end":{"line":33,"column":26}}]},"3":{"line":37,"type":"cond-expr","locations":[{"start":{"line":38,"column":14},"end":{"line":38,"column":20}},{"start":{"line":39,"column":14},"end":{"line":39,"column":20}}]},"4":{"line":41,"type":"binary-expr","locations":[{"start":{"line":41,"column":16},"end":{"line":41,"column":44}},{"start":{"line":41,"column":48},"end":{"line":41,"column":53}}]},"5":{"line":45,"type":"if","locations":[{"start":{"line":45,"column":8},"end":{"line":45,"column":8}},{"start":{"line":45,"column":8},"end":{"line":45,"column":8}}]}},"code":["/* istanbul instrument in package npmtest_ng_dialog */","/*jslint","    bitwise: true,","    browser: true,","    maxerr: 8,","    maxlen: 96,","    node: true,","    nomen: true,","    regexp: true,","    stupid: true","*/","(function () {","    'use strict';","    var local;","","","","    // run shared js-env code - pre-init","    (function () {","        // init local","        local = {};","        // init modeJs","        local.modeJs = (function () {","            try {","                return typeof navigator.userAgent === 'string' &&","                    typeof document.querySelector('body') === 'object' &&","                    typeof XMLHttpRequest.prototype.open === 'function' &&","                    'browser';","            } catch (errorCaughtBrowser) {","                return module.exports &&","                    typeof process.versions.node === 'string' &&","                    typeof require('http').createServer === 'function' &&","                    'node';","            }","        }());","        // init global","        local.global = local.modeJs === 'browser'","            ? window","            : global;","        // init utility2_rollup","        local = local.global.utility2_rollup || local;","        // init lib","        local.local = local.npmtest_ng_dialog = local;","        // init exports","        if (local.modeJs === 'browser') {","            local.global.utility2_npmtest_ng_dialog = local;","        } else {","            module.exports = local;","            module.exports.__dirname = __dirname;","            module.exports.module = module;","        }","    }());","}());",""],"l":{"12":2,"14":2,"19":2,"21":2,"23":2,"24":2,"25":2,"30":1,"37":2,"41":2,"43":2,"45":2,"46":1,"48":1,"49":1,"50":1}},"/home/travis/build/npmtest/node-npmtest-ng-dialog/example.js":{"path":"/home/travis/build/npmtest/node-npmtest-ng-dialog/example.js","s":{"1":2,"2":2,"3":2,"4":2,"5":2,"6":2,"7":2,"8":1,"9":2,"10":2,"11":2,"12":2,"13":1,"14":2,"15":2,"16":2,"17":2,"18":2,"19":0,"20":2,"21":1,"22":1,"23":1,"24":1,"25":1,"26":0,"27":0,"28":1,"29":1,"30":2,"31":0,"32":0,"33":0,"34":1,"35":2,"36":2,"37":3,"38":3,"39":3,"40":3,"41":0,"42":3,"43":3,"44":3,"45":1,"46":3,"47":1,"48":1,"49":1,"50":1,"51":1,"52":1,"53":1,"54":1,"55":1,"56":1,"57":0,"58":1,"59":6,"60":6,"61":1,"62":2,"63":0,"64":2,"65":1,"66":1,"67":0,"68":0,"69":0,"70":0,"71":0,"72":0,"73":0,"74":0,"75":0,"76":0,"77":0,"78":0,"79":0,"80":0,"81":0,"82":0,"83":0},"b":{"1":[2,1,1,1],"2":[1,1,1,1],"3":[1,1],"4":[2,2],"5":[1,1],"6":[1,1],"7":[2,0],"8":[2,1,1,1,1,1],"9":[0,2,0],"10":[1,1],"11":[2,1,1],"12":[1,0],"13":[0,2],"14":[2,0,0,0,0,0,0],"15":[0,3],"16":[3,0],"17":[1,1],"18":[0,1],"19":[1,2,0,2],"20":[1,0],"21":[1,1],"22":[0,0],"23":[0,0],"24":[0,0],"25":[0,0],"26":[0,0],"27":[0,0],"28":[0,0]},"f":{"1":2,"2":2,"3":2,"4":2,"5":2,"6":2,"7":3,"8":3,"9":3,"10":1,"11":6,"12":0},"fnMap":{"1":{"name":"(anonymous_1)","line":26,"loc":{"start":{"line":26,"column":1},"end":{"line":26,"column":13}}},"2":{"name":"(anonymous_2)","line":33,"loc":{"start":{"line":33,"column":5},"end":{"line":33,"column":17}}},"3":{"name":"(anonymous_3)","line":37,"loc":{"start":{"line":37,"column":24},"end":{"line":37,"column":36}}},"4":{"name":"(anonymous_4)","line":69,"loc":{"start":{"line":69,"column":31},"end":{"line":69,"column":48}},"skip":true},"5":{"name":"(anonymous_5)","line":78,"loc":{"start":{"line":78,"column":26},"end":{"line":78,"column":45}},"skip":true},"6":{"name":"(anonymous_6)","line":123,"loc":{"start":{"line":123,"column":33},"end":{"line":123,"column":48}},"skip":true},"7":{"name":"(anonymous_7)","line":125,"loc":{"start":{"line":125,"column":27},"end":{"line":125,"column":39}},"skip":true},"8":{"name":"(anonymous_8)","line":133,"loc":{"start":{"line":133,"column":59},"end":{"line":133,"column":74}},"skip":true},"9":{"name":"(anonymous_9)","line":143,"loc":{"start":{"line":143,"column":45},"end":{"line":143,"column":62}},"skip":true},"10":{"name":"(anonymous_10)","line":144,"loc":{"start":{"line":144,"column":73},"end":{"line":144,"column":92}},"skip":true},"11":{"name":"(anonymous_11)","line":272,"loc":{"start":{"line":272,"column":51},"end":{"line":272,"column":77}},"skip":true},"12":{"name":"(anonymous_12)","line":315,"loc":{"start":{"line":315,"column":32},"end":{"line":315,"column":61}},"skip":true}},"statementMap":{"1":{"start":{"line":26,"column":0},"end":{"line":326,"column":5}},"2":{"start":{"line":28,"column":4},"end":{"line":28,"column":14}},"3":{"start":{"line":33,"column":4},"end":{"line":60,"column":9}},"4":{"start":{"line":35,"column":8},"end":{"line":35,"column":19}},"5":{"start":{"line":37,"column":8},"end":{"line":49,"column":13}},"6":{"start":{"line":38,"column":12},"end":{"line":48,"column":13}},"7":{"start":{"line":39,"column":16},"end":{"line":42,"column":30}},"8":{"start":{"line":44,"column":16},"end":{"line":47,"column":27}},"9":{"start":{"line":51,"column":8},"end":{"line":53,"column":21}},"10":{"start":{"line":55,"column":8},"end":{"line":57,"column":45}},"11":{"start":{"line":59,"column":8},"end":{"line":59,"column":35}},"12":{"start":{"line":61,"column":4},"end":{"line":325,"column":5}},"13":{"start":{"line":69,"column":8},"end":{"line":121,"column":10},"skip":true},"14":{"start":{"line":70,"column":12},"end":{"line":88,"column":13},"skip":true},"15":{"start":{"line":76,"column":16},"end":{"line":87,"column":19},"skip":true},"16":{"start":{"line":79,"column":20},"end":{"line":86,"column":21},"skip":true},"17":{"start":{"line":82,"column":24},"end":{"line":82,"column":43},"skip":true},"18":{"start":{"line":83,"column":24},"end":{"line":83,"column":30},"skip":true},"19":{"start":{"line":85,"column":24},"end":{"line":85,"column":49},"skip":true},"20":{"start":{"line":89,"column":12},"end":{"line":107,"column":13},"skip":true},"21":{"start":{"line":92,"column":16},"end":{"line":102,"column":17},"skip":true},"22":{"start":{"line":93,"column":20},"end":{"line":93,"column":86},"skip":true},"23":{"start":{"line":94,"column":20},"end":{"line":95,"column":45},"skip":true},"24":{"start":{"line":96,"column":20},"end":{"line":96,"column":42},"skip":true},"25":{"start":{"line":97,"column":20},"end":{"line":97,"column":48},"skip":true},"26":{"start":{"line":100,"column":20},"end":{"line":100,"column":85},"skip":true},"27":{"start":{"line":101,"column":20},"end":{"line":101,"column":96},"skip":true},"28":{"start":{"line":103,"column":16},"end":{"line":103,"column":22},"skip":true},"29":{"start":{"line":106,"column":16},"end":{"line":106,"column":22},"skip":true},"30":{"start":{"line":108,"column":12},"end":{"line":120,"column":13},"skip":true},"31":{"start":{"line":114,"column":16},"end":{"line":119,"column":17},"skip":true},"32":{"start":{"line":116,"column":20},"end":{"line":116,"column":78},"skip":true},"33":{"start":{"line":118,"column":20},"end":{"line":118,"column":47},"skip":true},"34":{"start":{"line":123,"column":8},"end":{"line":141,"column":11},"skip":true},"35":{"start":{"line":124,"column":12},"end":{"line":124,"column":54},"skip":true},"36":{"start":{"line":125,"column":12},"end":{"line":140,"column":14},"skip":true},"37":{"start":{"line":126,"column":16},"end":{"line":126,"column":28},"skip":true},"38":{"start":{"line":127,"column":16},"end":{"line":127,"column":69},"skip":true},"39":{"start":{"line":128,"column":16},"end":{"line":128,"column":75},"skip":true},"40":{"start":{"line":129,"column":16},"end":{"line":131,"column":17},"skip":true},"41":{"start":{"line":130,"column":20},"end":{"line":130,"column":27},"skip":true},"42":{"start":{"line":133,"column":16},"end":{"line":137,"column":36},"skip":true},"43":{"start":{"line":134,"column":20},"end":{"line":136,"column":55},"skip":true},"44":{"start":{"line":139,"column":16},"end":{"line":139,"column":57},"skip":true},"45":{"start":{"line":143,"column":8},"end":{"line":147,"column":11},"skip":true},"46":{"start":{"line":144,"column":12},"end":{"line":146,"column":15},"skip":true},"47":{"start":{"line":145,"column":16},"end":{"line":145,"column":70},"skip":true},"48":{"start":{"line":149,"column":8},"end":{"line":149,"column":31},"skip":true},"49":{"start":{"line":150,"column":8},"end":{"line":150,"column":14},"skip":true},"50":{"start":{"line":158,"column":8},"end":{"line":158,"column":31},"skip":true},"51":{"start":{"line":160,"column":8},"end":{"line":160,"column":33},"skip":true},"52":{"start":{"line":161,"column":8},"end":{"line":161,"column":37},"skip":true},"53":{"start":{"line":162,"column":8},"end":{"line":162,"column":35},"skip":true},"54":{"start":{"line":164,"column":8},"end":{"line":164,"column":50},"skip":true},"55":{"start":{"line":166,"column":8},"end":{"line":256,"column":2},"skip":true},"56":{"start":{"line":258,"column":8},"end":{"line":286,"column":9},"skip":true},"57":{"start":{"line":259,"column":12},"end":{"line":269,"column":14},"skip":true},"58":{"start":{"line":271,"column":12},"end":{"line":285,"column":19},"skip":true},"59":{"start":{"line":274,"column":20},"end":{"line":274,"column":35},"skip":true},"60":{"start":{"line":275,"column":20},"end":{"line":284,"column":21},"skip":true},"61":{"start":{"line":277,"column":24},"end":{"line":277,"column":64},"skip":true},"62":{"start":{"line":279,"column":24},"end":{"line":279,"column":40},"skip":true},"63":{"start":{"line":281,"column":24},"end":{"line":281,"column":40},"skip":true},"64":{"start":{"line":283,"column":24},"end":{"line":283,"column":39},"skip":true},"65":{"start":{"line":288,"column":8},"end":{"line":290,"column":9},"skip":true},"66":{"start":{"line":289,"column":12},"end":{"line":289,"column":18},"skip":true},"67":{"start":{"line":291,"column":8},"end":{"line":293,"column":54},"skip":true},"68":{"start":{"line":296,"column":8},"end":{"line":301,"column":37},"skip":true},"69":{"start":{"line":303,"column":8},"end":{"line":303,"column":82},"skip":true},"70":{"start":{"line":306,"column":8},"end":{"line":308,"column":9},"skip":true},"71":{"start":{"line":307,"column":12},"end":{"line":307,"column":82},"skip":true},"72":{"start":{"line":310,"column":8},"end":{"line":312,"column":9},"skip":true},"73":{"start":{"line":311,"column":12},"end":{"line":311,"column":18},"skip":true},"74":{"start":{"line":313,"column":8},"end":{"line":313,"column":54},"skip":true},"75":{"start":{"line":314,"column":8},"end":{"line":314,"column":69},"skip":true},"76":{"start":{"line":315,"column":8},"end":{"line":323,"column":36},"skip":true},"77":{"start":{"line":316,"column":12},"end":{"line":316,"column":61},"skip":true},"78":{"start":{"line":317,"column":12},"end":{"line":320,"column":13},"skip":true},"79":{"start":{"line":318,"column":16},"end":{"line":318,"column":75},"skip":true},"80":{"start":{"line":319,"column":16},"end":{"line":319,"column":23},"skip":true},"81":{"start":{"line":321,"column":12},"end":{"line":321,"column":38},"skip":true},"82":{"start":{"line":322,"column":12},"end":{"line":322,"column":27},"skip":true},"83":{"start":{"line":324,"column":8},"end":{"line":324,"column":14},"skip":true}},"branchMap":{"1":{"line":39,"type":"binary-expr","locations":[{"start":{"line":39,"column":23},"end":{"line":39,"column":62}},{"start":{"line":40,"column":20},"end":{"line":40,"column":70}},{"start":{"line":41,"column":20},"end":{"line":41,"column":71}},{"start":{"line":42,"column":20},"end":{"line":42,"column":29}}]},"2":{"line":44,"type":"binary-expr","locations":[{"start":{"line":44,"column":23},"end":{"line":44,"column":37}},{"start":{"line":45,"column":20},"end":{"line":45,"column":61}},{"start":{"line":46,"column":20},"end":{"line":46,"column":70}},{"start":{"line":47,"column":20},"end":{"line":47,"column":26}}]},"3":{"line":51,"type":"cond-expr","locations":[{"start":{"line":52,"column":14},"end":{"line":52,"column":20}},{"start":{"line":53,"column":14},"end":{"line":53,"column":20}}]},"4":{"line":55,"type":"binary-expr","locations":[{"start":{"line":55,"column":16},"end":{"line":55,"column":44}},{"start":{"line":55,"column":49},"end":{"line":57,"column":43}}]},"5":{"line":55,"type":"cond-expr","locations":[{"start":{"line":56,"column":14},"end":{"line":56,"column":53}},{"start":{"line":57,"column":14},"end":{"line":57,"column":43}}]},"6":{"line":61,"type":"switch","locations":[{"start":{"line":68,"column":4},"end":{"line":150,"column":14},"skip":true},{"start":{"line":156,"column":4},"end":{"line":324,"column":14},"skip":true}]},"7":{"line":70,"type":"if","locations":[{"start":{"line":70,"column":12},"end":{"line":70,"column":12},"skip":true},{"start":{"line":70,"column":12},"end":{"line":70,"column":12},"skip":true}]},"8":{"line":70,"type":"binary-expr","locations":[{"start":{"line":70,"column":16},"end":{"line":70,"column":22},"skip":true},{"start":{"line":70,"column":27},"end":{"line":70,"column":32},"skip":true},{"start":{"line":71,"column":20},"end":{"line":71,"column":39},"skip":true},{"start":{"line":72,"column":20},"end":{"line":72,"column":49},"skip":true},{"start":{"line":73,"column":20},"end":{"line":73,"column":58},"skip":true},{"start":{"line":74,"column":20},"end":{"line":74,"column":69},"skip":true}]},"9":{"line":79,"type":"switch","locations":[{"start":{"line":80,"column":20},"end":{"line":80,"column":33},"skip":true},{"start":{"line":81,"column":20},"end":{"line":83,"column":30},"skip":true},{"start":{"line":84,"column":20},"end":{"line":85,"column":49},"skip":true}]},"10":{"line":89,"type":"switch","locations":[{"start":{"line":90,"column":12},"end":{"line":103,"column":22},"skip":true},{"start":{"line":105,"column":12},"end":{"line":106,"column":22},"skip":true}]},"11":{"line":89,"type":"binary-expr","locations":[{"start":{"line":89,"column":20},"end":{"line":89,"column":25},"skip":true},{"start":{"line":89,"column":29},"end":{"line":89,"column":48},"skip":true},{"start":{"line":89,"column":52},"end":{"line":89,"column":74},"skip":true}]},"12":{"line":92,"type":"if","locations":[{"start":{"line":92,"column":16},"end":{"line":92,"column":16},"skip":true},{"start":{"line":92,"column":16},"end":{"line":92,"column":16},"skip":true}]},"13":{"line":108,"type":"if","locations":[{"start":{"line":108,"column":12},"end":{"line":108,"column":12},"skip":true},{"start":{"line":108,"column":12},"end":{"line":108,"column":12},"skip":true}]},"14":{"line":108,"type":"binary-expr","locations":[{"start":{"line":108,"column":16},"end":{"line":108,"column":61},"skip":true},{"start":{"line":108,"column":66},"end":{"line":108,"column":72},"skip":true},{"start":{"line":108,"column":77},"end":{"line":108,"column":82},"skip":true},{"start":{"line":109,"column":20},"end":{"line":109,"column":39},"skip":true},{"start":{"line":110,"column":20},"end":{"line":110,"column":49},"skip":true},{"start":{"line":111,"column":20},"end":{"line":111,"column":58},"skip":true},{"start":{"line":112,"column":20},"end":{"line":112,"column":68},"skip":true}]},"15":{"line":129,"type":"if","locations":[{"start":{"line":129,"column":16},"end":{"line":129,"column":16},"skip":true},{"start":{"line":129,"column":16},"end":{"line":129,"column":16},"skip":true}]},"16":{"line":134,"type":"cond-expr","locations":[{"start":{"line":135,"column":26},"end":{"line":135,"column":29},"skip":true},{"start":{"line":136,"column":26},"end":{"line":136,"column":54},"skip":true}]},"17":{"line":164,"type":"binary-expr","locations":[{"start":{"line":164,"column":27},"end":{"line":164,"column":43},"skip":true},{"start":{"line":164,"column":47},"end":{"line":164,"column":49},"skip":true}]},"18":{"line":258,"type":"if","locations":[{"start":{"line":258,"column":8},"end":{"line":258,"column":8},"skip":true},{"start":{"line":258,"column":8},"end":{"line":258,"column":8},"skip":true}]},"19":{"line":275,"type":"switch","locations":[{"start":{"line":276,"column":20},"end":{"line":277,"column":64},"skip":true},{"start":{"line":278,"column":20},"end":{"line":279,"column":40},"skip":true},{"start":{"line":280,"column":20},"end":{"line":281,"column":40},"skip":true},{"start":{"line":282,"column":20},"end":{"line":283,"column":39},"skip":true}]},"20":{"line":288,"type":"if","locations":[{"start":{"line":288,"column":8},"end":{"line":288,"column":8},"skip":true},{"start":{"line":288,"column":8},"end":{"line":288,"column":8},"skip":true}]},"21":{"line":288,"type":"binary-expr","locations":[{"start":{"line":288,"column":12},"end":{"line":288,"column":40},"skip":true},{"start":{"line":288,"column":44},"end":{"line":288,"column":67},"skip":true}]},"22":{"line":292,"type":"binary-expr","locations":[{"start":{"line":292,"column":12},"end":{"line":292,"column":50},"skip":true},{"start":{"line":293,"column":12},"end":{"line":293,"column":53},"skip":true}]},"23":{"line":297,"type":"binary-expr","locations":[{"start":{"line":297,"column":12},"end":{"line":297,"column":67},"skip":true},{"start":{"line":298,"column":12},"end":{"line":301,"column":36},"skip":true}]},"24":{"line":303,"type":"binary-expr","locations":[{"start":{"line":303,"column":43},"end":{"line":303,"column":75},"skip":true},{"start":{"line":303,"column":79},"end":{"line":303,"column":81},"skip":true}]},"25":{"line":306,"type":"if","locations":[{"start":{"line":306,"column":8},"end":{"line":306,"column":8},"skip":true},{"start":{"line":306,"column":8},"end":{"line":306,"column":8},"skip":true}]},"26":{"line":310,"type":"if","locations":[{"start":{"line":310,"column":8},"end":{"line":310,"column":8},"skip":true},{"start":{"line":310,"column":8},"end":{"line":310,"column":8},"skip":true}]},"27":{"line":313,"type":"binary-expr","locations":[{"start":{"line":313,"column":27},"end":{"line":313,"column":43},"skip":true},{"start":{"line":313,"column":47},"end":{"line":313,"column":53},"skip":true}]},"28":{"line":317,"type":"if","locations":[{"start":{"line":317,"column":12},"end":{"line":317,"column":12},"skip":true},{"start":{"line":317,"column":12},"end":{"line":317,"column":12},"skip":true}]}},"code":["/*","example.js","","quickstart example","","instruction","    1. save this script as example.js","    2. run the shell command:","        $ npm install npmtest-ng-dialog && PORT=8081 node example.js","    3. play with the browser-demo on http://127.0.0.1:8081","*/","","","","/* istanbul instrument in package npmtest_ng_dialog */","/*jslint","    bitwise: true,","    browser: true,","    maxerr: 8,","    maxlen: 96,","    node: true,","    nomen: true,","    regexp: true,","    stupid: true","*/","(function () {","    'use strict';","    var local;","","","","    // run shared js-env code - pre-init","    (function () {","        // init local","        local = {};","        // init modeJs","        local.modeJs = (function () {","            try {","                return typeof navigator.userAgent === 'string' &&","                    typeof document.querySelector('body') === 'object' &&","                    typeof XMLHttpRequest.prototype.open === 'function' &&","                    'browser';","            } catch (errorCaughtBrowser) {","                return module.exports &&","                    typeof process.versions.node === 'string' &&","                    typeof require('http').createServer === 'function' &&","                    'node';","            }","        }());","        // init global","        local.global = local.modeJs === 'browser'","            ? window","            : global;","        // init utility2_rollup","        local = local.global.utility2_rollup || (local.modeJs === 'browser'","            ? local.global.utility2_npmtest_ng_dialog","            : global.utility2_moduleExports);","        // export local","        local.global.local = local;","    }());","    switch (local.modeJs) {","","","","    // post-init","    // run browser js-env code - post-init","    /* istanbul ignore next */","    case 'browser':","        local.testRunBrowser = function (event) {","            if (!event || (event &&","                    event.currentTarget &&","                    event.currentTarget.className &&","                    event.currentTarget.className.includes &&","                    event.currentTarget.className.includes('onreset'))) {","                // reset output","                Array.from(","                    document.querySelectorAll('body > .resettable')","                ).forEach(function (element) {","                    switch (element.tagName) {","                    case 'INPUT':","                    case 'TEXTAREA':","                        element.value = '';","                        break;","                    default:","                        element.textContent = '';","                    }","                });","            }","            switch (event && event.currentTarget && event.currentTarget.id) {","            case 'testRunButton1':","                // show tests","                if (document.querySelector('#testReportDiv1').style.display === 'none') {","                    document.querySelector('#testReportDiv1').style.display = 'block';","                    document.querySelector('#testRunButton1').textContent =","                        'hide internal test';","                    local.modeTest = true;","                    local.testRunDefault(local);","                // hide tests","                } else {","                    document.querySelector('#testReportDiv1').style.display = 'none';","                    document.querySelector('#testRunButton1').textContent = 'run internal test';","                }","                break;","            // custom-case","            default:","                break;","            }","            if (document.querySelector('#inputTextareaEval1') && (!event || (event &&","                    event.currentTarget &&","                    event.currentTarget.className &&","                    event.currentTarget.className.includes &&","                    event.currentTarget.className.includes('oneval')))) {","                // try to eval input-code","                try {","                    /*jslint evil: true*/","                    eval(document.querySelector('#inputTextareaEval1').value);","                } catch (errorCaught) {","                    console.error(errorCaught);","                }","            }","        };","        // log stderr and stdout to #outputTextareaStdout1","        ['error', 'log'].forEach(function (key) {","            console[key + '_original'] = console[key];","            console[key] = function () {","                var element;","                console[key + '_original'].apply(console, arguments);","                element = document.querySelector('#outputTextareaStdout1');","                if (!element) {","                    return;","                }","                // append text to #outputTextareaStdout1","                element.value += Array.from(arguments).map(function (arg) {","                    return typeof arg === 'string'","                        ? arg","                        : JSON.stringify(arg, null, 4);","                }).join(' ') + '\\n';","                // scroll textarea to bottom","                element.scrollTop = element.scrollHeight;","            };","        });","        // init event-handling","        ['change', 'click', 'keyup'].forEach(function (event) {","            Array.from(document.querySelectorAll('.on' + event)).forEach(function (element) {","                element.addEventListener(event, local.testRunBrowser);","            });","        });","        // run tests","        local.testRunBrowser();","        break;","","","","    // run node js-env code - post-init","    /* istanbul ignore next */","    case 'node':","        // export local","        module.exports = local;","        // require modules","        local.fs = require('fs');","        local.http = require('http');","        local.url = require('url');","        // init assets","        local.assetsDict = local.assetsDict || {};","        /* jslint-ignore-begin */","        local.assetsDict['/assets.index.template.html'] = '\\","<!doctype html>\\n\\","<html lang=\"en\">\\n\\","<head>\\n\\","<meta charset=\"UTF-8\">\\n\\","<meta name=\"viewport\" content=\"width=device-width, initial-scale=1\">\\n\\","<title>{{env.npm_package_name}} (v{{env.npm_package_version}})</title>\\n\\","<style>\\n\\","/*csslint\\n\\","    box-sizing: false,\\n\\","    universal-selector: false\\n\\","*/\\n\\","* {\\n\\","    box-sizing: border-box;\\n\\","}\\n\\","body {\\n\\","    background: #dde;\\n\\","    font-family: Arial, Helvetica, sans-serif;\\n\\","    margin: 2rem;\\n\\","}\\n\\","body > * {\\n\\","    margin-bottom: 1rem;\\n\\","}\\n\\",".utility2FooterDiv {\\n\\","    margin-top: 20px;\\n\\","    text-align: center;\\n\\","}\\n\\","</style>\\n\\","<style>\\n\\","/*csslint\\n\\","*/\\n\\","textarea {\\n\\","    font-family: monospace;\\n\\","    height: 10rem;\\n\\","    width: 100%;\\n\\","}\\n\\","textarea[readonly] {\\n\\","    background: #ddd;\\n\\","}\\n\\","</style>\\n\\","</head>\\n\\","<body>\\n\\","<!-- utility2-comment\\n\\","<div id=\"ajaxProgressDiv1\" style=\"background: #d00; height: 2px; left: 0; margin: 0; padding: 0; position: fixed; top: 0; transition: background 0.5s, width 1.5s; width: 25%;\"></div>\\n\\","utility2-comment -->\\n\\","<h1>\\n\\","<!-- utility2-comment\\n\\","    <a\\n\\","        {{#if env.npm_package_homepage}}\\n\\","        href=\"{{env.npm_package_homepage}}\"\\n\\","        {{/if env.npm_package_homepage}}\\n\\","        target=\"_blank\"\\n\\","    >\\n\\","utility2-comment -->\\n\\","        {{env.npm_package_name}} (v{{env.npm_package_version}})\\n\\","<!-- utility2-comment\\n\\","    </a>\\n\\","utility2-comment -->\\n\\","</h1>\\n\\","<h3>{{env.npm_package_description}}</h3>\\n\\","<!-- utility2-comment\\n\\","<h4><a download href=\"assets.app.js\">download standalone app</a></h4>\\n\\","<button class=\"onclick onreset\" id=\"testRunButton1\">run internal test</button><br>\\n\\","<div id=\"testReportDiv1\" style=\"display: none;\"></div>\\n\\","utility2-comment -->\\n\\","\\n\\","\\n\\","\\n\\","<label>stderr and stdout</label>\\n\\","<textarea class=\"resettable\" id=\"outputTextareaStdout1\" readonly></textarea>\\n\\","<!-- utility2-comment\\n\\","{{#if isRollup}}\\n\\","<script src=\"assets.app.js\"></script>\\n\\","{{#unless isRollup}}\\n\\","utility2-comment -->\\n\\","<script src=\"assets.utility2.rollup.js\"></script>\\n\\","<script src=\"jsonp.utility2._stateInit?callback=window.utility2._stateInit\"></script>\\n\\","<script src=\"assets.npmtest_ng_dialog.rollup.js\"></script>\\n\\","<script src=\"assets.example.js\"></script>\\n\\","<script src=\"assets.test.js\"></script>\\n\\","<!-- utility2-comment\\n\\","{{/if isRollup}}\\n\\","utility2-comment -->\\n\\","<div class=\"utility2FooterDiv\">\\n\\","    [ this app was created with\\n\\","    <a href=\"https://github.com/kaizhu256/node-utility2\" target=\"_blank\">utility2</a>\\n\\","    ]\\n\\","</div>\\n\\","</body>\\n\\","</html>\\n\\","';","        /* jslint-ignore-end */","        if (local.templateRender) {","            local.assetsDict['/'] = local.templateRender(","                local.assetsDict['/assets.index.template.html'],","                {","                    env: local.objectSetDefault(local.env, {","                        npm_package_description: 'the greatest app in the world!',","                        npm_package_name: 'my-app',","                        npm_package_nameAlias: 'my_app',","                        npm_package_version: '0.0.1'","                    })","                }","            );","        } else {","            local.assetsDict['/'] = local.assetsDict['/assets.index.template.html']","                .replace((/\\{\\{env\\.(\\w+?)\\}\\}/g), function (match0, match1) {","                    // jslint-hack","                    String(match0);","                    switch (match1) {","                    case 'npm_package_description':","                        return 'the greatest app in the world!';","                    case 'npm_package_name':","                        return 'my-app';","                    case 'npm_package_nameAlias':","                        return 'my_app';","                    case 'npm_package_version':","                        return '0.0.1';","                    }","                });","        }","        // run the cli","        if (local.global.utility2_rollup || module !== require.main) {","            break;","        }","        local.assetsDict['/assets.example.js'] =","            local.assetsDict['/assets.example.js'] ||","            local.fs.readFileSync(__filename, 'utf8');","        // bug-workaround - long $npm_package_buildCustomOrg","        /* jslint-ignore-begin */","        local.assetsDict['/assets.npmtest_ng_dialog.rollup.js'] =","            local.assetsDict['/assets.npmtest_ng_dialog.rollup.js'] ||","            local.fs.readFileSync(","                local.npmtest_ng_dialog.__dirname + '/lib.npmtest_ng_dialog.js',","                'utf8'","            ).replace((/^#!/), '//');","        /* jslint-ignore-end */","        local.assetsDict['/favicon.ico'] = local.assetsDict['/favicon.ico'] || '';","        // if $npm_config_timeout_exit exists,","        // then exit this process after $npm_config_timeout_exit ms","        if (Number(process.env.npm_config_timeout_exit)) {","            setTimeout(process.exit, Number(process.env.npm_config_timeout_exit));","        }","        // start server","        if (local.global.utility2_serverHttp1) {","            break;","        }","        process.env.PORT = process.env.PORT || '8081';","        console.error('server starting on port ' + process.env.PORT);","        local.http.createServer(function (request, response) {","            request.urlParsed = local.url.parse(request.url);","            if (local.assetsDict[request.urlParsed.pathname] !== undefined) {","                response.end(local.assetsDict[request.urlParsed.pathname]);","                return;","            }","            response.statusCode = 404;","            response.end();","        }).listen(process.env.PORT);","        break;","    }","}());",""],"l":{"26":2,"28":2,"33":2,"35":2,"37":2,"38":2,"39":2,"44":1,"51":2,"55":2,"59":2,"61":2,"69":1,"70":2,"76":2,"79":2,"82":2,"83":2,"85":1,"89":2,"92":1,"93":1,"94":1,"96":1,"97":1,"100":1,"101":1,"103":1,"106":1,"108":2,"114":1,"116":1,"118":1,"123":1,"124":2,"125":2,"126":3,"127":3,"128":3,"129":3,"130":1,"133":3,"134":3,"139":3,"143":1,"144":3,"145":1,"149":1,"150":1,"158":1,"160":1,"161":1,"162":1,"164":1,"166":1,"258":1,"259":1,"271":1,"274":6,"275":6,"277":1,"279":2,"281":1,"283":2,"288":1,"289":1,"291":1,"296":1,"303":1,"306":1,"307":1,"310":1,"311":1,"313":1,"314":1,"315":1,"316":1,"317":1,"318":1,"319":1,"321":1,"322":1,"324":1}},"/home/travis/build/npmtest/node-npmtest-ng-dialog/node_modules/ng-dialog/js/ngDialog.js":{"path":"/home/travis/build/npmtest/node-npmtest-ng-dialog/node_modules/ng-dialog/js/ngDialog.js","s":{"1":2,"2":2,"3":2,"4":2,"5":0,"6":0,"7":0,"8":0,"9":0,"10":0,"11":0,"12":0,"13":0,"14":0,"15":0,"16":0,"17":0,"18":0,"19":0,"20":0,"21":0,"22":0,"23":0,"24":0,"25":0,"26":0,"27":0,"28":0,"29":0,"30":0,"31":0,"32":0,"33":0,"34":0,"35":0,"36":0,"37":0,"38":0,"39":0,"40":0,"41":0,"42":0,"43":0,"44":0,"45":0,"46":0,"47":0,"48":0,"49":0,"50":0,"51":0,"52":0,"53":0,"54":0,"55":0,"56":0,"57":0,"58":0,"59":0,"60":0,"61":0,"62":0,"63":0,"64":0,"65":0,"66":0,"67":0,"68":0,"69":0,"70":0,"71":0,"72":0,"73":0,"74":0,"75":0,"76":0,"77":0,"78":0,"79":0,"80":0,"81":0,"82":0,"83":0,"84":0,"85":0,"86":0,"87":0,"88":0,"89":0,"90":0,"91":0,"92":0,"93":0,"94":0,"95":0,"96":0,"97":0,"98":0,"99":0,"100":0,"101":0,"102":0,"103":0,"104":0,"105":0,"106":0,"107":0,"108":0,"109":0,"110":0,"111":0,"112":0,"113":0,"114":0,"115":0,"116":0,"117":0,"118":0,"119":0,"120":0,"121":0,"122":0,"123":0,"124":0,"125":0,"126":0,"127":0,"128":0,"129":0,"130":0,"131":0,"132":0,"133":0,"134":0,"135":0,"136":0,"137":0,"138":0,"139":0,"140":0,"141":0,"142":0,"143":0,"144":0,"145":0,"146":0,"147":0,"148":0,"149":0,"150":0,"151":0,"152":0,"153":0,"154":0,"155":0,"156":0,"157":0,"158":0,"159":0,"160":0,"161":0,"162":0,"163":0,"164":0,"165":0,"166":0,"167":0,"168":0,"169":0,"170":0,"171":0,"172":0,"173":0,"174":0,"175":0,"176":0,"177":0,"178":0,"179":0,"180":0,"181":0,"182":0,"183":0,"184":0,"185":0,"186":0,"187":0,"188":0,"189":0,"190":0,"191":0,"192":0,"193":0,"194":0,"195":0,"196":0,"197":0,"198":0,"199":0,"200":0,"201":0,"202":0,"203":0,"204":0,"205":0,"206":0,"207":0,"208":0,"209":0,"210":0,"211":0,"212":0,"213":0,"214":0,"215":0,"216":0,"217":0,"218":0,"219":0,"220":0,"221":0,"222":0,"223":0,"224":0,"225":0,"226":0,"227":0,"228":0,"229":0,"230":0,"231":0,"232":0,"233":0,"234":0,"235":0,"236":0,"237":0,"238":0,"239":0,"240":0,"241":0,"242":0,"243":0,"244":0,"245":0,"246":0,"247":0,"248":0,"249":0,"250":0,"251":0,"252":0,"253":0,"254":0,"255":0,"256":0,"257":0,"258":0,"259":0,"260":0,"261":0,"262":0,"263":0,"264":0,"265":0,"266":0,"267":0,"268":0,"269":0,"270":0,"271":0,"272":0,"273":0,"274":0,"275":0,"276":0,"277":0,"278":0,"279":0,"280":0,"281":0,"282":0,"283":0,"284":0,"285":0,"286":0,"287":0,"288":0,"289":0,"290":0,"291":0,"292":0,"293":0,"294":0,"295":0,"296":0,"297":0,"298":0,"299":0,"300":0,"301":0,"302":0,"303":0,"304":0,"305":0,"306":0,"307":0,"308":0,"309":0,"310":0,"311":0,"312":0,"313":0,"314":0,"315":0,"316":0,"317":0,"318":0,"319":0,"320":0,"321":0,"322":0,"323":0,"324":0,"325":0,"326":0,"327":0,"328":0,"329":0,"330":0,"331":0,"332":0,"333":0,"334":0,"335":0,"336":0,"337":0,"338":0,"339":0,"340":0,"341":1,"342":0,"343":0,"344":0,"345":0,"346":0,"347":0,"348":0,"349":1,"350":0,"351":0,"352":0,"353":0,"354":0,"355":0,"356":0,"357":0,"358":0,"359":0,"360":0,"361":0,"362":0,"363":0,"364":0,"365":0,"366":0,"367":0,"368":0,"369":0,"370":0,"371":0,"372":0,"373":0,"374":0,"375":0,"376":0,"377":0,"378":0,"379":0,"380":0,"381":0,"382":0,"383":0,"384":0,"385":0,"386":0,"387":0,"388":0,"389":0,"390":0,"391":0,"392":0,"393":0,"394":0,"395":0,"396":0,"397":0,"398":0,"399":0,"400":0,"401":0,"402":0,"403":0,"404":0,"405":0,"406":0,"407":0,"408":0,"409":0,"410":0},"b":{"1":[2,0],"2":[2,2],"3":[2,0],"4":[0,0],"5":[0,0],"6":[0,0],"7":[0,0,0,0,0],"8":[0,0],"9":[0,0],"10":[0,0],"11":[0,0],"12":[0,0],"13":[0,0],"14":[0,0],"15":[0,0],"16":[0,0],"17":[0,0],"18":[0,0],"19":[0,0],"20":[0,0],"21":[0,0],"22":[0,0],"23":[0,0],"24":[0,0],"25":[0,0],"26":[0,0],"27":[0,0],"28":[0,0],"29":[0,0],"30":[0,0],"31":[0,0],"32":[0,0],"33":[0,0],"34":[0,0],"35":[0,0],"36":[0,0],"37":[0,0],"38":[0,0],"39":[0,0],"40":[0,0],"41":[0,0],"42":[0,0],"43":[0,0],"44":[0,0],"45":[0,0],"46":[0,0],"47":[0,0],"48":[0,0],"49":[0,0],"50":[0,0],"51":[0,0],"52":[0,0],"53":[0,0],"54":[0,0],"55":[0,0],"56":[0,0],"57":[0,0],"58":[0,0],"59":[0,0],"60":[0,0],"61":[0,0],"62":[0,0],"63":[0,0],"64":[0,0],"65":[0,0],"66":[0,0],"67":[0,0],"68":[0,0],"69":[0,0],"70":[0,0],"71":[0,0],"72":[0,0],"73":[0,0],"74":[0,0],"75":[0,0],"76":[0,0],"77":[0,0],"78":[0,0],"79":[0,0],"80":[0,0],"81":[0,0],"82":[0,0],"83":[0,0],"84":[0,0],"85":[0,0],"86":[0,0],"87":[0,0],"88":[0,0],"89":[0,0],"90":[0,0],"91":[0,0],"92":[0,0],"93":[0,0],"94":[0,0],"95":[0,0],"96":[0,0],"97":[0,0],"98":[0,0],"99":[0,0],"100":[0,0],"101":[0,0],"102":[0,0],"103":[0,0],"104":[0,0,0,0],"105":[0,0],"106":[0,0],"107":[0,0],"108":[0,0],"109":[0,0],"110":[0,0],"111":[0,0],"112":[0,0],"113":[0,0],"114":[0,0],"115":[0,0],"116":[0,0],"117":[0,0],"118":[0,0],"119":[0,0],"120":[0,0],"121":[0,0],"122":[0,0],"123":[0,0],"124":[0,0],"125":[0,0],"126":[0,0],"127":[0,0],"128":[0,0],"129":[0,0],"130":[0,0],"131":[0,0],"132":[0,0],"133":[0,0],"134":[0,0],"135":[0,0],"136":[0,0],"137":[0,0],"138":[0,0],"139":[0,0],"140":[0,0],"141":[0,0],"142":[0,0],"143":[0,0],"144":[0,0],"145":[0,0],"146":[0,0],"147":[0,0],"148":[0,0],"149":[0,0],"150":[0,0],"151":[0,0]},"f":{"1":2,"2":0,"3":0,"4":0,"5":0,"6":0,"7":0,"8":0,"9":0,"10":0,"11":0,"12":0,"13":0,"14":0,"15":0,"16":0,"17":0,"18":0,"19":0,"20":0,"21":0,"22":0,"23":0,"24":0,"25":0,"26":0,"27":0,"28":0,"29":0,"30":0,"31":0,"32":0,"33":0,"34":0,"35":0,"36":0,"37":0,"38":0,"39":0,"40":0,"41":0,"42":0,"43":0,"44":0,"45":0,"46":0,"47":0,"48":0,"49":0,"50":0,"51":0,"52":0,"53":0,"54":0,"55":0,"56":0,"57":0,"58":0},"fnMap":{"1":{"name":"(anonymous_1)","line":7,"loc":{"start":{"line":7,"column":1},"end":{"line":7,"column":26}}},"2":{"name":"(anonymous_2)","line":23,"loc":{"start":{"line":23,"column":8},"end":{"line":23,"column":27}}},"3":{"name":"(anonymous_3)","line":42,"loc":{"start":{"line":42,"column":27},"end":{"line":42,"column":39}}},"4":{"name":"(anonymous_4)","line":69,"loc":{"start":{"line":69,"column":34},"end":{"line":69,"column":52}}},"5":{"name":"(anonymous_5)","line":73,"loc":{"start":{"line":73,"column":34},"end":{"line":73,"column":52}}},"6":{"name":"(anonymous_6)","line":77,"loc":{"start":{"line":77,"column":27},"end":{"line":77,"column":50}}},"7":{"name":"(anonymous_7)","line":81,"loc":{"start":{"line":81,"column":33},"end":{"line":81,"column":54}}},"8":{"name":"(anonymous_8)","line":88,"loc":{"start":{"line":88,"column":12},"end":{"line":88,"column":125}}},"9":{"name":"(anonymous_9)","line":92,"loc":{"start":{"line":92,"column":39},"end":{"line":92,"column":56}}},"10":{"name":"(anonymous_10)","line":98,"loc":{"start":{"line":98,"column":30},"end":{"line":98,"column":48}}},"11":{"name":"(anonymous_11)","line":109,"loc":{"start":{"line":109,"column":32},"end":{"line":109,"column":51}}},"12":{"name":"(anonymous_12)","line":114,"loc":{"start":{"line":114,"column":35},"end":{"line":114,"column":50}}},"13":{"name":"(anonymous_13)","line":115,"loc":{"start":{"line":115,"column":44},"end":{"line":115,"column":57}}},"14":{"name":"(anonymous_14)","line":121,"loc":{"start":{"line":121,"column":36},"end":{"line":121,"column":53}}},"15":{"name":"(anonymous_15)","line":128,"loc":{"start":{"line":128,"column":38},"end":{"line":128,"column":50}}},"16":{"name":"(anonymous_16)","line":138,"loc":{"start":{"line":138,"column":40},"end":{"line":138,"column":66}}},"17":{"name":"(anonymous_17)","line":175,"loc":{"start":{"line":175,"column":86},"end":{"line":175,"column":98}}},"18":{"name":"(anonymous_18)","line":206,"loc":{"start":{"line":206,"column":40},"end":{"line":206,"column":65}}},"19":{"name":"(anonymous_19)","line":217,"loc":{"start":{"line":217,"column":33},"end":{"line":217,"column":59}}},"20":{"name":"(anonymous_20)","line":226,"loc":{"start":{"line":226,"column":77},"end":{"line":226,"column":89}}},"21":{"name":"(anonymous_21)","line":228,"loc":{"start":{"line":228,"column":39},"end":{"line":228,"column":51}}},"22":{"name":"(anonymous_22)","line":232,"loc":{"start":{"line":232,"column":64},"end":{"line":232,"column":76}}},"23":{"name":"(anonymous_23)","line":234,"loc":{"start":{"line":234,"column":39},"end":{"line":234,"column":51}}},"24":{"name":"(anonymous_24)","line":248,"loc":{"start":{"line":248,"column":40},"end":{"line":248,"column":53}}},"25":{"name":"(anonymous_25)","line":270,"loc":{"start":{"line":270,"column":31},"end":{"line":270,"column":63}}},"26":{"name":"(anonymous_26)","line":307,"loc":{"start":{"line":307,"column":31},"end":{"line":307,"column":49}}},"27":{"name":"(anonymous_27)","line":339,"loc":{"start":{"line":339,"column":42},"end":{"line":339,"column":61}}},"28":{"name":"(anonymous_28)","line":350,"loc":{"start":{"line":350,"column":44},"end":{"line":350,"column":59}}},"29":{"name":"(anonymous_29)","line":364,"loc":{"start":{"line":364,"column":43},"end":{"line":364,"column":58}}},"30":{"name":"(anonymous_30)","line":378,"loc":{"start":{"line":378,"column":37},"end":{"line":378,"column":49}}},"31":{"name":"(anonymous_31)","line":389,"loc":{"start":{"line":389,"column":41},"end":{"line":389,"column":69}}},"32":{"name":"(anonymous_32)","line":419,"loc":{"start":{"line":419,"column":40},"end":{"line":419,"column":78}}},"33":{"name":"(anonymous_33)","line":444,"loc":{"start":{"line":444,"column":36},"end":{"line":444,"column":47}}},"34":{"name":"(anonymous_34)","line":454,"loc":{"start":{"line":454,"column":48},"end":{"line":454,"column":59}}},"35":{"name":"(anonymous_35)","line":482,"loc":{"start":{"line":482,"column":26},"end":{"line":482,"column":42}}},"36":{"name":"(anonymous_36)","line":516,"loc":{"start":{"line":516,"column":49},"end":{"line":516,"column":71}}},"37":{"name":"(anonymous_37)","line":523,"loc":{"start":{"line":523,"column":32},"end":{"line":523,"column":49}}},"38":{"name":"(anonymous_38)","line":610,"loc":{"start":{"line":610,"column":52},"end":{"line":610,"column":69}}},"39":{"name":"(anonymous_39)","line":643,"loc":{"start":{"line":643,"column":37},"end":{"line":643,"column":49}}},"40":{"name":"(anonymous_40)","line":677,"loc":{"start":{"line":677,"column":58},"end":{"line":677,"column":76}}},"41":{"name":"(anonymous_41)","line":687,"loc":{"start":{"line":687,"column":53},"end":{"line":687,"column":70}}},"42":{"name":"(anonymous_42)","line":711,"loc":{"start":{"line":711,"column":35},"end":{"line":711,"column":52}}},"43":{"name":"loadTemplateUrl","line":716,"loc":{"start":{"line":716,"column":24},"end":{"line":716,"column":64}}},"44":{"name":"(anonymous_44)","line":723,"loc":{"start":{"line":723,"column":64},"end":{"line":723,"column":78}}},"45":{"name":"loadTemplate","line":729,"loc":{"start":{"line":729,"column":24},"end":{"line":729,"column":53}}},"46":{"name":"(anonymous_46)","line":764,"loc":{"start":{"line":764,"column":33},"end":{"line":764,"column":49}}},"47":{"name":"(anonymous_47)","line":781,"loc":{"start":{"line":781,"column":48},"end":{"line":781,"column":65}}},"48":{"name":"(anonymous_48)","line":789,"loc":{"start":{"line":789,"column":57},"end":{"line":789,"column":73}}},"49":{"name":"(anonymous_49)","line":799,"loc":{"start":{"line":799,"column":28},"end":{"line":799,"column":41}}},"50":{"name":"(anonymous_50)","line":808,"loc":{"start":{"line":808,"column":27},"end":{"line":808,"column":48}}},"51":{"name":"(anonymous_51)","line":828,"loc":{"start":{"line":828,"column":30},"end":{"line":828,"column":47}}},"52":{"name":"(anonymous_52)","line":838,"loc":{"start":{"line":838,"column":36},"end":{"line":838,"column":47}}},"53":{"name":"(anonymous_53)","line":842,"loc":{"start":{"line":842,"column":33},"end":{"line":842,"column":45}}},"54":{"name":"(anonymous_54)","line":849,"loc":{"start":{"line":849,"column":20},"end":{"line":849,"column":42}}},"55":{"name":"(anonymous_55)","line":853,"loc":{"start":{"line":853,"column":54},"end":{"line":853,"column":66}}},"56":{"name":"(anonymous_56)","line":864,"loc":{"start":{"line":864,"column":41},"end":{"line":864,"column":61}}},"57":{"name":"(anonymous_57)","line":870,"loc":{"start":{"line":870,"column":18},"end":{"line":870,"column":48}}},"58":{"name":"(anonymous_58)","line":871,"loc":{"start":{"line":871,"column":33},"end":{"line":871,"column":46}}}},"statementMap":{"1":{"start":{"line":7,"column":0},"end":{"line":902,"column":4}},"2":{"start":{"line":8,"column":4},"end":{"line":22,"column":5}},"3":{"start":{"line":10,"column":8},"end":{"line":14,"column":9}},"4":{"start":{"line":11,"column":12},"end":{"line":11,"column":40}},"5":{"start":{"line":13,"column":12},"end":{"line":13,"column":29}},"6":{"start":{"line":15,"column":8},"end":{"line":15,"column":36}},"7":{"start":{"line":16,"column":11},"end":{"line":22,"column":5}},"8":{"start":{"line":18,"column":8},"end":{"line":18,"column":37}},"9":{"start":{"line":21,"column":8},"end":{"line":21,"column":30}},"10":{"start":{"line":26,"column":4},"end":{"line":26,"column":43}},"11":{"start":{"line":28,"column":4},"end":{"line":28,"column":30}},"12":{"start":{"line":29,"column":4},"end":{"line":29,"column":34}},"13":{"start":{"line":30,"column":4},"end":{"line":30,"column":66}},"14":{"start":{"line":31,"column":4},"end":{"line":31,"column":169}},"15":{"start":{"line":32,"column":4},"end":{"line":32,"column":107}},"16":{"start":{"line":33,"column":4},"end":{"line":33,"column":210}},"17":{"start":{"line":34,"column":4},"end":{"line":34,"column":63}},"18":{"start":{"line":35,"column":4},"end":{"line":35,"column":59}},"19":{"start":{"line":36,"column":4},"end":{"line":36,"column":20}},"20":{"start":{"line":37,"column":4},"end":{"line":37,"column":25}},"21":{"start":{"line":38,"column":4},"end":{"line":38,"column":31}},"22":{"start":{"line":39,"column":4},"end":{"line":39,"column":31}},"23":{"start":{"line":42,"column":4},"end":{"line":862,"column":7}},"24":{"start":{"line":43,"column":8},"end":{"line":67,"column":10}},"25":{"start":{"line":69,"column":8},"end":{"line":71,"column":10}},"26":{"start":{"line":70,"column":12},"end":{"line":70,"column":55}},"27":{"start":{"line":73,"column":8},"end":{"line":75,"column":10}},"28":{"start":{"line":74,"column":12},"end":{"line":74,"column":55}},"29":{"start":{"line":77,"column":8},"end":{"line":79,"column":10}},"30":{"start":{"line":78,"column":12},"end":{"line":78,"column":50}},"31":{"start":{"line":81,"column":8},"end":{"line":83,"column":10}},"32":{"start":{"line":82,"column":12},"end":{"line":82,"column":48}},"33":{"start":{"line":85,"column":8},"end":{"line":85,"column":80}},"34":{"start":{"line":87,"column":8},"end":{"line":861,"column":15}},"35":{"start":{"line":89,"column":16},"end":{"line":89,"column":35}},"36":{"start":{"line":91,"column":16},"end":{"line":460,"column":18}},"37":{"start":{"line":93,"column":24},"end":{"line":95,"column":25}},"38":{"start":{"line":94,"column":28},"end":{"line":94,"column":59}},"39":{"start":{"line":99,"column":24},"end":{"line":99,"column":71}},"40":{"start":{"line":101,"column":24},"end":{"line":106,"column":25}},"41":{"start":{"line":102,"column":28},"end":{"line":102,"column":85}},"42":{"start":{"line":105,"column":28},"end":{"line":105,"column":92}},"43":{"start":{"line":110,"column":24},"end":{"line":110,"column":82}},"44":{"start":{"line":111,"column":24},"end":{"line":111,"column":89}},"45":{"start":{"line":115,"column":24},"end":{"line":118,"column":27}},"46":{"start":{"line":116,"column":28},"end":{"line":116,"column":62}},"47":{"start":{"line":117,"column":28},"end":{"line":117,"column":63}},"48":{"start":{"line":122,"column":24},"end":{"line":122,"column":107}},"49":{"start":{"line":123,"column":24},"end":{"line":123,"column":98}},"50":{"start":{"line":124,"column":24},"end":{"line":124,"column":95}},"51":{"start":{"line":125,"column":24},"end":{"line":125,"column":76}},"52":{"start":{"line":129,"column":24},"end":{"line":129,"column":100}},"53":{"start":{"line":130,"column":24},"end":{"line":134,"column":25}},"54":{"start":{"line":131,"column":28},"end":{"line":131,"column":92}},"55":{"start":{"line":133,"column":28},"end":{"line":133,"column":68}},"56":{"start":{"line":135,"column":24},"end":{"line":135,"column":72}},"57":{"start":{"line":139,"column":24},"end":{"line":139,"column":71}},"58":{"start":{"line":140,"column":24},"end":{"line":140,"column":52}},"59":{"start":{"line":141,"column":24},"end":{"line":141,"column":47}},"60":{"start":{"line":142,"column":24},"end":{"line":142,"column":59}},"61":{"start":{"line":144,"column":24},"end":{"line":147,"column":25}},"62":{"start":{"line":146,"column":28},"end":{"line":146,"column":35}},"63":{"start":{"line":149,"column":24},"end":{"line":156,"column":25}},"64":{"start":{"line":150,"column":28},"end":{"line":150,"column":62}},"65":{"start":{"line":151,"column":28},"end":{"line":151,"column":74}},"66":{"start":{"line":152,"column":28},"end":{"line":152,"column":71}},"67":{"start":{"line":153,"column":28},"end":{"line":153,"column":52}},"68":{"start":{"line":155,"column":28},"end":{"line":155,"column":52}},"69":{"start":{"line":158,"column":24},"end":{"line":160,"column":25}},"70":{"start":{"line":159,"column":28},"end":{"line":159,"column":95}},"71":{"start":{"line":162,"column":24},"end":{"line":164,"column":25}},"72":{"start":{"line":163,"column":28},"end":{"line":163,"column":46}},"73":{"start":{"line":166,"column":24},"end":{"line":166,"column":83}},"74":{"start":{"line":167,"column":24},"end":{"line":169,"column":25}},"75":{"start":{"line":168,"column":28},"end":{"line":168,"column":50}},"76":{"start":{"line":171,"column":24},"end":{"line":171,"column":82}},"77":{"start":{"line":172,"column":24},"end":{"line":172,"column":75}},"78":{"start":{"line":173,"column":24},"end":{"line":181,"column":25}},"79":{"start":{"line":174,"column":28},"end":{"line":174,"column":45}},"80":{"start":{"line":175,"column":28},"end":{"line":177,"column":60}},"81":{"start":{"line":176,"column":32},"end":{"line":176,"column":82}},"82":{"start":{"line":179,"column":28},"end":{"line":179,"column":45}},"83":{"start":{"line":180,"column":28},"end":{"line":180,"column":78}},"84":{"start":{"line":182,"column":24},"end":{"line":190,"column":25}},"85":{"start":{"line":183,"column":28},"end":{"line":188,"column":31}},"86":{"start":{"line":189,"column":28},"end":{"line":189,"column":46}},"87":{"start":{"line":191,"column":24},"end":{"line":193,"column":25}},"88":{"start":{"line":192,"column":28},"end":{"line":192,"column":46}},"89":{"start":{"line":194,"column":24},"end":{"line":194,"column":71}},"90":{"start":{"line":195,"column":24},"end":{"line":198,"column":25}},"91":{"start":{"line":196,"column":28},"end":{"line":196,"column":95}},"92":{"start":{"line":197,"column":28},"end":{"line":197,"column":51}},"93":{"start":{"line":200,"column":24},"end":{"line":203,"column":25}},"94":{"start":{"line":202,"column":28},"end":{"line":202,"column":63}},"95":{"start":{"line":207,"column":24},"end":{"line":207,"column":71}},"96":{"start":{"line":208,"column":24},"end":{"line":208,"column":41}},"97":{"start":{"line":209,"column":24},"end":{"line":213,"column":25}},"98":{"start":{"line":210,"column":28},"end":{"line":210,"column":78}},"99":{"start":{"line":211,"column":28},"end":{"line":211,"column":78}},"100":{"start":{"line":212,"column":28},"end":{"line":212,"column":62}},"101":{"start":{"line":214,"column":24},"end":{"line":214,"column":81}},"102":{"start":{"line":218,"column":24},"end":{"line":218,"column":89}},"103":{"start":{"line":220,"column":24},"end":{"line":245,"column":25}},"104":{"start":{"line":222,"column":28},"end":{"line":222,"column":95}},"105":{"start":{"line":224,"column":28},"end":{"line":242,"column":29}},"106":{"start":{"line":225,"column":32},"end":{"line":237,"column":33}},"107":{"start":{"line":226,"column":36},"end":{"line":230,"column":39}},"108":{"start":{"line":227,"column":40},"end":{"line":227,"column":90}},"109":{"start":{"line":229,"column":40},"end":{"line":229,"column":53}},"110":{"start":{"line":232,"column":36},"end":{"line":236,"column":39}},"111":{"start":{"line":233,"column":40},"end":{"line":233,"column":90}},"112":{"start":{"line":235,"column":40},"end":{"line":235,"column":53}},"113":{"start":{"line":238,"column":35},"end":{"line":242,"column":29}},"114":{"start":{"line":239,"column":32},"end":{"line":239,"column":82}},"115":{"start":{"line":241,"column":32},"end":{"line":241,"column":45}},"116":{"start":{"line":244,"column":28},"end":{"line":244,"column":78}},"117":{"start":{"line":249,"column":24},"end":{"line":249,"column":67}},"118":{"start":{"line":250,"column":24},"end":{"line":250,"column":36}},"119":{"start":{"line":252,"column":24},"end":{"line":260,"column":25}},"120":{"start":{"line":253,"column":28},"end":{"line":253,"column":41}},"121":{"start":{"line":255,"column":28},"end":{"line":255,"column":71}},"122":{"start":{"line":257,"column":28},"end":{"line":259,"column":29}},"123":{"start":{"line":258,"column":32},"end":{"line":258,"column":39}},"124":{"start":{"line":262,"column":24},"end":{"line":262,"column":55}},"125":{"start":{"line":263,"column":24},"end":{"line":263,"column":62}},"126":{"start":{"line":265,"column":24},"end":{"line":267,"column":25}},"127":{"start":{"line":266,"column":28},"end":{"line":266,"column":76}},"128":{"start":{"line":271,"column":24},"end":{"line":271,"column":93}},"129":{"start":{"line":273,"column":24},"end":{"line":278,"column":25}},"130":{"start":{"line":274,"column":28},"end":{"line":276,"column":29}},"131":{"start":{"line":275,"column":32},"end":{"line":275,"column":62}},"132":{"start":{"line":277,"column":28},"end":{"line":277,"column":35}},"133":{"start":{"line":280,"column":24},"end":{"line":280,"column":66}},"134":{"start":{"line":281,"column":24},"end":{"line":281,"column":103}},"135":{"start":{"line":283,"column":24},"end":{"line":283,"column":70}},"136":{"start":{"line":284,"column":24},"end":{"line":284,"column":71}},"137":{"start":{"line":285,"column":24},"end":{"line":285,"column":97}},"138":{"start":{"line":287,"column":24},"end":{"line":287,"column":48}},"139":{"start":{"line":289,"column":24},"end":{"line":299,"column":25}},"140":{"start":{"line":290,"column":28},"end":{"line":293,"column":29}},"141":{"start":{"line":291,"column":32},"end":{"line":291,"column":88}},"142":{"start":{"line":292,"column":32},"end":{"line":292,"column":51}},"143":{"start":{"line":295,"column":28},"end":{"line":298,"column":29}},"144":{"start":{"line":296,"column":32},"end":{"line":296,"column":61}},"145":{"start":{"line":297,"column":32},"end":{"line":297,"column":51}},"146":{"start":{"line":301,"column":24},"end":{"line":304,"column":25}},"147":{"start":{"line":302,"column":28},"end":{"line":302,"column":48}},"148":{"start":{"line":303,"column":28},"end":{"line":303,"column":49}},"149":{"start":{"line":308,"column":24},"end":{"line":308,"column":50}},"150":{"start":{"line":311,"column":24},"end":{"line":311,"column":81}},"151":{"start":{"line":312,"column":24},"end":{"line":320,"column":25}},"152":{"start":{"line":313,"column":28},"end":{"line":313,"column":48}},"153":{"start":{"line":315,"column":28},"end":{"line":317,"column":29}},"154":{"start":{"line":316,"column":32},"end":{"line":316,"column":39}},"155":{"start":{"line":322,"column":24},"end":{"line":322,"column":93}},"156":{"start":{"line":324,"column":24},"end":{"line":327,"column":25}},"157":{"start":{"line":325,"column":28},"end":{"line":325,"column":57}},"158":{"start":{"line":326,"column":28},"end":{"line":326,"column":35}},"159":{"start":{"line":330,"column":24},"end":{"line":330,"column":138}},"160":{"start":{"line":332,"column":24},"end":{"line":336,"column":25}},"161":{"start":{"line":333,"column":28},"end":{"line":333,"column":68}},"162":{"start":{"line":334,"column":28},"end":{"line":334,"column":91}},"163":{"start":{"line":335,"column":28},"end":{"line":335,"column":51}},"164":{"start":{"line":340,"column":24},"end":{"line":340,"column":50}},"165":{"start":{"line":342,"column":24},"end":{"line":342,"column":94}},"166":{"start":{"line":345,"column":24},"end":{"line":345,"column":98}},"167":{"start":{"line":347,"column":24},"end":{"line":347,"column":86}},"168":{"start":{"line":351,"column":24},"end":{"line":351,"column":59}},"169":{"start":{"line":353,"column":24},"end":{"line":359,"column":25}},"170":{"start":{"line":354,"column":28},"end":{"line":354,"column":44}},"171":{"start":{"line":356,"column":28},"end":{"line":358,"column":29}},"172":{"start":{"line":357,"column":32},"end":{"line":357,"column":67}},"173":{"start":{"line":361,"column":24},"end":{"line":361,"column":57}},"174":{"start":{"line":365,"column":24},"end":{"line":365,"column":58}},"175":{"start":{"line":367,"column":24},"end":{"line":373,"column":25}},"176":{"start":{"line":368,"column":28},"end":{"line":368,"column":44}},"177":{"start":{"line":370,"column":28},"end":{"line":372,"column":29}},"178":{"start":{"line":371,"column":32},"end":{"line":371,"column":66}},"179":{"start":{"line":375,"column":24},"end":{"line":375,"column":56}},"180":{"start":{"line":379,"column":24},"end":{"line":379,"column":77}},"181":{"start":{"line":381,"column":24},"end":{"line":383,"column":25}},"182":{"start":{"line":382,"column":28},"end":{"line":382,"column":40}},"183":{"start":{"line":386,"column":24},"end":{"line":386,"column":64}},"184":{"start":{"line":390,"column":24},"end":{"line":406,"column":25}},"185":{"start":{"line":391,"column":28},"end":{"line":397,"column":29}},"186":{"start":{"line":392,"column":32},"end":{"line":394,"column":50}},"187":{"start":{"line":396,"column":32},"end":{"line":396,"column":64}},"188":{"start":{"line":399,"column":28},"end":{"line":401,"column":29}},"189":{"start":{"line":400,"column":32},"end":{"line":400,"column":85}},"190":{"start":{"line":403,"column":28},"end":{"line":405,"column":29}},"191":{"start":{"line":404,"column":32},"end":{"line":404,"column":86}},"192":{"start":{"line":408,"column":24},"end":{"line":410,"column":25}},"193":{"start":{"line":409,"column":28},"end":{"line":409,"column":67}},"194":{"start":{"line":412,"column":24},"end":{"line":413,"column":114}},"195":{"start":{"line":415,"column":24},"end":{"line":416,"column":117}},"196":{"start":{"line":420,"column":24},"end":{"line":423,"column":25}},"197":{"start":{"line":421,"column":28},"end":{"line":421,"column":51}},"198":{"start":{"line":422,"column":28},"end":{"line":422,"column":35}},"199":{"start":{"line":425,"column":24},"end":{"line":441,"column":25}},"200":{"start":{"line":426,"column":28},"end":{"line":426,"column":62}},"201":{"start":{"line":428,"column":28},"end":{"line":428,"column":80}},"202":{"start":{"line":430,"column":28},"end":{"line":432,"column":29}},"203":{"start":{"line":431,"column":32},"end":{"line":431,"column":39}},"204":{"start":{"line":434,"column":28},"end":{"line":434,"column":68}},"205":{"start":{"line":436,"column":28},"end":{"line":436,"column":68}},"206":{"start":{"line":438,"column":28},"end":{"line":438,"column":60}},"207":{"start":{"line":440,"column":28},"end":{"line":440,"column":47}},"208":{"start":{"line":446,"column":24},"end":{"line":451,"column":25}},"209":{"start":{"line":447,"column":28},"end":{"line":447,"column":56}},"210":{"start":{"line":448,"column":28},"end":{"line":448,"column":40}},"211":{"start":{"line":450,"column":28},"end":{"line":450,"column":41}},"212":{"start":{"line":455,"column":24},"end":{"line":457,"column":25}},"213":{"start":{"line":456,"column":28},"end":{"line":456,"column":55}},"214":{"start":{"line":458,"column":24},"end":{"line":458,"column":54}},"215":{"start":{"line":462,"column":16},"end":{"line":845,"column":18}},"216":{"start":{"line":483,"column":24},"end":{"line":483,"column":44}},"217":{"start":{"line":484,"column":24},"end":{"line":484,"column":42}},"218":{"start":{"line":485,"column":24},"end":{"line":490,"column":25}},"219":{"start":{"line":486,"column":28},"end":{"line":486,"column":95}},"220":{"start":{"line":487,"column":28},"end":{"line":489,"column":29}},"221":{"start":{"line":488,"column":32},"end":{"line":488,"column":39}},"222":{"start":{"line":491,"column":24},"end":{"line":491,"column":61}},"223":{"start":{"line":492,"column":24},"end":{"line":492,"column":49}},"224":{"start":{"line":493,"column":24},"end":{"line":493,"column":68}},"225":{"start":{"line":494,"column":24},"end":{"line":494,"column":51}},"226":{"start":{"line":497,"column":24},"end":{"line":502,"column":25}},"227":{"start":{"line":498,"column":28},"end":{"line":500,"column":29}},"228":{"start":{"line":499,"column":32},"end":{"line":499,"column":47}},"229":{"start":{"line":501,"column":28},"end":{"line":501,"column":93}},"230":{"start":{"line":504,"column":24},"end":{"line":504,"column":54}},"231":{"start":{"line":506,"column":24},"end":{"line":506,"column":34}},"232":{"start":{"line":507,"column":24},"end":{"line":507,"column":62}},"233":{"start":{"line":509,"column":24},"end":{"line":509,"column":34}},"234":{"start":{"line":510,"column":24},"end":{"line":510,"column":126}},"235":{"start":{"line":512,"column":24},"end":{"line":512,"column":67}},"236":{"start":{"line":514,"column":24},"end":{"line":514,"column":74}},"237":{"start":{"line":516,"column":24},"end":{"line":518,"column":27}},"238":{"start":{"line":517,"column":28},"end":{"line":517,"column":133}},"239":{"start":{"line":520,"column":24},"end":{"line":706,"column":27}},"240":{"start":{"line":524,"column":28},"end":{"line":525,"column":54}},"241":{"start":{"line":527,"column":28},"end":{"line":529,"column":29}},"242":{"start":{"line":528,"column":32},"end":{"line":528,"column":108}},"243":{"start":{"line":531,"column":28},"end":{"line":531,"column":96}},"244":{"start":{"line":532,"column":28},"end":{"line":532,"column":119}},"245":{"start":{"line":533,"column":28},"end":{"line":535,"column":105}},"246":{"start":{"line":537,"column":28},"end":{"line":537,"column":70}},"247":{"start":{"line":539,"column":28},"end":{"line":539,"column":56}},"248":{"start":{"line":541,"column":28},"end":{"line":548,"column":29}},"249":{"start":{"line":542,"column":32},"end":{"line":542,"column":86}},"250":{"start":{"line":543,"column":32},"end":{"line":543,"column":158}},"251":{"start":{"line":544,"column":32},"end":{"line":544,"column":73}},"252":{"start":{"line
[...]
}","","                        angular.extend(options, opts);","","                        options.scope = angular.isObject(options.scope) ? options.scope.$new() : $rootScope.$new();","                        options.scope.confirm = function (value) {","                            defer.resolve(value);","                            var $dialog = $el(document.getElementById(openResult.id));","                            privateMethods.performCloseDialog($dialog, value);","                        };","","                        var openResult = publicMethods.open(options);","                        if (openResult) {","                            openResult.closePromise.then(function (data) {","                                if (data) {","                                    return defer.reject(data.value);","                                }","                                return defer.reject();","                            });","                            return defer.promise;","                        }","                    },","","                    isOpen: function(id) {","                        var $dialog = $el(document.getElementById(id));","                        return $dialog.length > 0;","                    },","","                    /*","                     * @param {String} id","                     * @return {Object} dialog","                     */","                    close: function (id, value) {","                        var $dialog = $el(document.getElementById(id));","","                        if ($dialog.length) {","                            privateMethods.closeDialog($dialog, value);","                        } else {","                            if (id === '$escape') {","                                var topDialogId = openIdStack[openIdStack.length - 1];","                                $dialog = $el(document.getElementById(topDialogId));","                                if ($dialog.data('$ngDialogOptions').closeByEscape) {","                                    privateMethods.closeDialog($dialog, '$escape');","                                }","                            } else {","                                publicMethods.closeAll(value);","                            }","                        }","","                        return publicMethods;","                    },","","                    closeAll: function (value) {","                        var $all = document.querySelectorAll('.ngdialog');","","                        // Reverse order to ensure focus restoration works as expected","                        for (var i = $all.length - 1; i >= 0; i--) {","                            var dialog = $all[i];","                            privateMethods.closeDialog($el(dialog), value);","                        }","                    },","","                    getOpenDialogs: function() {","                        return openIdStack;","                    },","","                    getDefaults: function () {","                        return defaults;","                    }","                };","","                angular.forEach(","                    ['html', 'body'],","                    function(elementName) {","                        $elements[elementName] = $document.find(elementName);","                        if (forceElementsReload[elementName]) {","                            var eventName = privateMethods.getRouterLocationEventName();","                            $rootScope.$on(eventName, function () {","                                $elements[elementName] = $document.find(elementName);","                            });","                        }","                    }","                );","","                return publicMethods;","            }];","    });","","    m.directive('ngDialog', ['ngDialog', function (ngDialog) {","        return {","            restrict: 'A',","            scope: {","                ngDialogScope: '='","            },","            link: function (scope, elem, attrs) {","                elem.on('click', function (e) {","                    e.preventDefault();","","                    var ngDialogScope = angular.isDefined(scope.ngDialogScope) ? scope.ngDialogScope : 'noScope';","                    angular.isDefined(attrs.ngDialogClosePrevious) && ngDialog.close(attrs.ngDialogClosePrevious);","","                    var defaults = ngDialog.getDefaults();","","                    ngDialog.open({","                        template: attrs.ngDialog,","                        className: attrs.ngDialogClass || defaults.className,","                        appendClassName: attrs.ngDialogAppendClass,","                        controller: attrs.ngDialogController,","                        controllerAs: attrs.ngDialogControllerAs,","                        bindToController: attrs.ngDialogBindToController,","                        disableAnimation: attrs.ngDialogDisableAnimation,","                        scope: ngDialogScope,","                        data: attrs.ngDialogData,","                        showClose: attrs.ngDialogShowClose === 'false' ? false : (attrs.ngDialogShowClose === 'true' ? true : defaults.showClose),","                        closeByDocument: attrs.ngDialogCloseByDocument === 'false' ? false : (attrs.ngDialogCloseByDocument === 'true' ? true : defaults.closeByDocument),","                        closeByEscape: attrs.ngDialogCloseByEscape === 'false' ? false : (attrs.ngDialogCloseByEscape === 'true' ? true : defaults.closeByEscape),","                        overlay: attrs.ngDialogOverlay === 'false' ? false : (attrs.ngDialogOverlay === 'true' ? true : defaults.overlay),","                        preCloseCallback: attrs.ngDialogPreCloseCallback || defaults.preCloseCallback,","                        bodyClassName: attrs.ngDialogBodyClass || defaults.bodyClassName","                    });","                });","            }","        };","    }]);","","    return m;","}));",""],"l":{"7":2,"8":2,"10":2,"11":2,"13":0,"15":0,"16":0,"18":0,"21":0,"26":0,"28":0,"29":0,"30":0,"31":0,"32":0,"33":0,"34":0,"35":0,"36":0,"37":0,"38":0,"39":0,"42":0,"43":0,"69":0,"70":0,"73":0,"74":0,"77":0,"78":0,"81":0,"82":0,"85":0,"87":0,"89":0,"91":0,"93":0,"94":0,"99":0,"101":0,"102":0,"105":0,"110":0,"111":0,"115":0,"116":0,"117":0,"122":0,"123":0,"124":0,"125":0,"129":0,"130":0,"131":0,"133":0,"135":0,"139":0,"140":0,"141":0,"142":0,"144":0,"146":0,"149":0,"150":0,"151":0,"152":0,"153":0,"155":0,"158":0,"159":0,"162":0,"163":0,"166":0,"167":0,"168":0,"171":0,"172":0,"173":0,"174":0,"175":0,"176":0,"179":0,"180":0,"182":0,"183":0,"189":0,"191":0,"192":0,"194":0,"195":0,"196":0,"197":0,"200":0,"202":0,"207":0,"208":0,"209":0,"210":0,"211":0,"212":0,"214":0,"218":0,"220":0,"222":0,"224":0,"225":0,"226":0,"227":0,"229":0,"232":0,"233":0,"235":0,"238":0,"239":0,"241":0,"244":0,"249":0,"250":0,"252":0,"253":0,"255":0,"257":0,"258":0,"262":0,"263":0,"265":0,"266":0,"271":0,"273":0,"274":0,"275":0,"277":0,"280":0,"281":0,"283":0,"284":0,"285":0,"287":0,"289":0,"290":0,"291":0,"292":0,"295":0,"296":0,"297":0,"301":0,"302":0,"303":0,"308":0,"311":0,"312":0,"313":0,"315":0,"316":0,"322":0,"324":0,"325":0,"326":0,"330":0,"332":0,"333":0,"334":0,"335":0,"340":0,"342":0,"345":0,"347":0,"351":0,"353":0,"354":0,"356":0,"357":0,"361":0,"365":0,"367":0,"368":0,"370":0,"371":0,"375":0,"379":0,"381":0,"382":0,"386":0,"390":0,"391":0,"392":0,"396":0,"399":0,"400":0,"403":0,"404":0,"408":0,"409":0,"412":0,"415":0,"420":0,"421":0,"422":0,"425":0,"426":0,"428":0,"430":0,"431":0,"434":0,"436":0,"438":0,"440":0,"446":0,"447":0,"448":0,"450":0,"455":0,"456":0,"458":0,"462":0,"483":0,"484":0,"485":0,"486":0,"487":0,"488":0,"491":0,"492":0,"493":0,"494":0,"497":0,"498":0,"499":0,"501":0,"504":0,"506":0,"507":0,"509":0,"510":0,"512":0,"514":0,"516":0,"517":0,"520":0,"524":0,"527":0,"528":0,"531":0,"532":0,"533":0,"537":0,"539":0,"541":0,"542":0,"543":0,"544":0,"545":0,"546":0,"547":0,"550":0,"551":0,"554":0,"555":0,"558":0,"559":0,"560":0,"561":0,"563":0,"567":0,"568":0,"569":0,"570":0,"572":0,"576":0,"577":0,"580":0,"581":0,"583":0,"586":0,"588":0,"589":0,"591":0,"592":0,"593":0,"594":0,"595":0,"596":0,"597":0,"598":0,"599":0,"600":0,"605":0,"606":0,"610":0,"611":0,"614":0,"616":0,"618":0,"619":0,"622":0,"632":0,"633":0,"636":0,"637":0,"639":0,"643":0,"644":0,"645":0,"647":0,"648":0,"649":0,"650":0,"651":0,"652":0,"653":0,"655":0,"657":0,"659":0,"660":0,"663":0,"664":0,"666":0,"670":0,"671":0,"672":0,"675":0,"676":0,"677":0,"678":0,"679":0,"683":0,"684":0,"687":0,"688":0,"689":0,"691":0,"692":0,"696":0,"697":0,"698":0,"700":0,"703":0,"705":0,"708":0,"712":0,"716":1,"717":0,"718":0,"720":0,"722":0,"723":0,"724":0,"725":0,"729":1,"730":0,"731":0,"734":0,"735":0,"738":0,"739":0,"742":0,"765":0,"766":0,"768":0,"771":0,"772":0,"773":0,"775":0,"778":0,"780":0,"781":0,"782":0,"783":0,"784":0,"787":0,"788":0,"789":0,"790":0,"791":0,"793":0,"795":0,"800":0,"801":0,"809":0,"811":0,"812":0,"814":0,"815":0,"816":0,"817":0,"818":0,"821":0,"825":0,"829":0,"832":0,"833":0,"834":0,"839":0,"843":0,"847":0,"850":0,"851":0,"852":0,"853":0,"854":0,"860":0,"864":0,"865":0,"871":0,"872":0,"874":0,"875":0,"877":0,"879":0,"901":0}},"/home/travis/build/npmtest/node-npmtest-ng-dialog/node_modules/ng-dialog/Gruntfile.js":{"path":"/home/travis/build/npmtest/node-npmtest-ng-dialog/node_modules/ng-dialog/Gruntfile.js","s":{"1":1,"2":0,"3":0,"4":0,"5":0,"6":0,"7":0,"8":0,"9":0},"b":{},"f":{"1":0},"fnMap":{"1":{"name":"(anonymous_1)","line":1,"loc":{"start":{"line":1,"column":17},"end":{"line":1,"column":34}}}},"statementMap":{"1":{"start":{"line":1,"column":0},"end":{"line":52,"column":2}},"2":{"start":{"line":3,"column":4},"end":{"line":42,"column":7}},"3":{"start":{"line":44,"column":4},"end":{"line":44,"column":47}},"4":{"start":{"line":45,"column":4},"end":{"line":45,"column":47}},"5":{"start":{"line":46,"column":4},"end":{"line":46,"column":37}},"6":{"start":{"line":47,"column":4},"end":{"line":47,"column":47}},"7":{"start":{"line":49,"column":4},"end":{"line":49,"column":46}},"8":{"start":{"line":50,"column":4},"end":{"line":50,"column":62}},"9":{"start":{"line":51,"column":4},"end":{"line":51,"column":50}}},"branchMap":{},"code":["module.exports = function (grunt) {","","    grunt.initConfig({","        pkg: grunt.file.readJSON('package.json'),","        uglify: {","            options: {","                banner: '/*! <%= pkg.name %> - v<%= pkg.version %> (<%= pkg.homepage %>) */\\n'","            },","            ngDialog: {","                files: {","                    './js/ngDialog.min.js': ['./js/ngDialog.js']","                }","            }","        },","        jshint: {","            options: {","                ignores: ['./js/ngDialog.min.js']","            },","            files: ['*.js']","        },","        myth: {","            dist: {","                files: {","                    './css/ngDialog.css': './css/myth/ngDialog.css',","                    './css/ngDialog-theme-default.css': './css/myth/ngDialog-theme-default.css',","                    './css/ngDialog-theme-plain.css': './css/myth/ngDialog-theme-plain.css'","                }","            }","        },","        cssmin: {","            options: {","                banner: '/*! <%= pkg.name %> - v<%= pkg.version %> (<%= pkg.homepage %>) */\\n'","            },","            minify: {","                files: {","                    'css/ngDialog.min.css': ['css/ngDialog.css'],","                    'css/ngDialog-theme-default.min.css': ['css/ngDialog-theme-default.css'],","                    'css/ngDialog-theme-plain.min.css': ['css/ngDialog-theme-plain.css']","                }","            }","        }","    });","","    grunt.loadNpmTasks('grunt-contrib-jshint');","    grunt.loadNpmTasks('grunt-contrib-uglify');","    grunt.loadNpmTasks('grunt-myth');","    grunt.loadNpmTasks('grunt-contrib-cssmin');","","    grunt.registerTask('default', ['jshint']);","    grunt.registerTask('build', ['uglify', 'myth', 'cssmin']);","    grunt.registerTask('css', ['myth', 'cssmin']);","};",""],"l":{"1":1,"3":0,"44":0,"45":0,"46":0,"47":0,"49":0,"50":0,"51":0}},"/home/travis/build/npmtest/node-npmtest-ng-dialog/node_modules/ng-dialog/karma.conf.js":{"path":"/home/travis/build/npmtest/node-npmtest-ng-dialog/node_modules/ng-dialog/karma.conf.js","s":{"1":1,"2":1,"3":0,"4":0,"5":1,"6":1,"7":0},"b":{"1":[0,1]},"f":{"1":0},"fnMap":{"1":{"name":"(anonymous_1)","line":10,"loc":{"start":{"line":10,"column":17},"end":{"line":10,"column":34}}}},"statementMap":{"1":{"start":{"line":1,"column":0},"end":{"line":1,"column":63}},"2":{"start":{"line":3,"column":0},"end":{"line":8,"column":1}},"3":{"start":{"line":4,"column":4},"end":{"line":4,"column":35}},"4":{"start":{"line":5,"column":4},"end":{"line":5,"column":44}},"5":{"start":{"line":7,"column":4},"end":{"line":7,"column":31}},"6":{"start":{"line":10,"column":0},"end":{"line":46,"column":2}},"7":{"start":{"line":11,"column":4},"end":{"line":45,"column":7}}},"branchMap":{"1":{"line":3,"type":"if","locations":[{"start":{"line":3,"column":0},"end":{"line":3,"column":0}},{"start":{"line":3,"column":0},"end":{"line":3,"column":0}}]}},"code":["var testMinified = process.argv.indexOf('--min') > -1, subject;","","if (testMinified) {","    subject = 'js/ngDialog.min.js';","    console.log('Testing minifed ngDialog');","} else {","    subject = 'js/ngDialog.js';","}","","module.exports = function(config) {","    config.set({","        basePath: '',","        frameworks: ['jasmine'],","        files: [","            'bower_components/angular/angular.js',","            'bower_components/angular-mocks/angular-mocks.js',","            'example/inside-directive/**/*.js',","            subject,","            'tests/unit/**/*.js'","        ],","        port: 9877,","        colors: true,","        logLevel: config.LOG_INFO,","        autoWatch: false,","        browsers: ['PhantomJS'],","        singleRun: false,","        reporters: ['dots', 'coverage'],","        preprocessors: {","            'js/ngDialog.js': ['coverage']","        },","        plugins: [","            'karma-phantomjs-launcher',","            'karma-coverage',","            'karma-jasmine'","        ],","        coverageReporter: {","          reporters: [{","                type: 'html',","                subdir: 'report-html'","          }, {","                type: 'lcov',","                subdir: 'report-lcov'","          }]","        }","    });","};",""],"l":{"1":1,"3":1,"4":0,"5":0,"7":1,"10":1,"11":0}},"/home/travis/build/npmtest/node-npmtest-ng-dialog/node_modules/ng-dialog/protractor.conf.js":{"path":"/home/travis/build/npmtest/node-npmtest-ng-dialog/node_modules/ng-dialog/protractor.conf.js","s":{"1":1,"2":1,"3":1,"4":1,"5":1,"6":0,"7":1,"8":0,"9":1,"10":1,"11":1,"12":1,"13":1,"14":1},"b":{"1":[1,1],"2":[0,1],"3":[0,1]},"f":{},"fnMap":{},"statementMap":{"1":{"start":{"line":1,"column":0},"end":{"line":1,"column":33}},"2":{"start":{"line":2,"column":0},"end":{"line":2,"column":17}},"3":{"start":{"line":4,"column":0},"end":{"line":4,"column":42}},"4":{"start":{"line":5,"column":0},"end":{"line":5,"column":96}},"5":{"start":{"line":7,"column":0},"end":{"line":14,"column":1}},"6":{"start":{"line":8,"column":4},"end":{"line":13,"column":7}},"7":{"start":{"line":16,"column":0},"end":{"line":22,"column":1}},"8":{"start":{"line":17,"column":4},"end":{"line":21,"column":7}},"9":{"start":{"line":23,"column":0},"end":{"line":25,"column":3}},"10":{"start":{"line":55,"column":0},"end":{"line":64,"column":2}},"11":{"start":{"line":71,"column":0},"end":{"line":71,"column":68}},"12":{"start":{"line":72,"column":0},"end":{"line":72,"column":43}},"13":{"start":{"line":73,"column":0},"end":{"line":73,"column":54}},"14":{"start":{"line":75,"column":0},"end":{"line":75,"column":31}}},"branchMap":{"1":{"line":5,"type":"binary-expr","locations":[{"start":{"line":5,"column":17},"end":{"line":5,"column":55}},{"start":{"line":5,"column":59},"end":{"line":5,"column":95}}]},"2":{"line":7,"type":"if","locations":[{"start":{"line":7,"column":0},"end":{"line":7,"column":0}},{"start":{"line":7,"column":0},"end":{"line":7,"column":0}}]},"3":{"line":16,"type":"if","locations":[{"start":{"line":16,"column":0},"end":{"line":16,"column":0}},{"start":{"line":16,"column":0},"end":{"line":16,"column":0}}]}},"code":["var args = process.argv.slice(2);","var plugins = [];","","var useA11y = args.indexOf('--a11y') > -1;","var useConsole = args.indexOf('--console-warning') > -1 || args.indexOf('--console-error') > -1;","","if (useA11y) {","    plugins.push({","        path: 'node_modules/protractor/plugins/accessibility',","        chromeA11YDevTools: {","            treatWarningsAsFailures: true","        }","    });","}","","if (useConsole) {","    plugins.push({","        path: 'node_modules/protractor/plugins/console',","        failOnWarning: args.indexOf('--console-warning') > -1,","        failOnError: args.indexOf('--console-error') > -1","    });","}","var multiCapabilities = [{","    browserName: 'firefox'","}];","","// if (process.env.TRAVIS_PULL_REQUEST === 'false') {","//     multiCapabilities.push({","//         browserName: 'chrome'","//     });","    ","//     if (!useA11y) {","//         multiCapabilities.push({","//           browserName: 'safari'","//         });","//     }","    ","//     if (!useA11y && !useConsole) {","//         multiCapabilities.push({","//             browserName: 'internet explorer',","//             version: 10","//         });","//         multiCapabilities.push({","//             browserName: 'internet explorer',","//             version: 11","//         });","//     }","    ","//     multiCapabilities.forEach(function(capability) {","//         capability['tunnel-identifier'] = process.env.TRAVIS_JOB_NUMBER;","//         capability.name = 'ngDialog Protractor ' +  process.env.TRAVIS_JOB_NUMBER;","//     });","// }","","var config = {","    allScriptsTimeout: 11000,","    specs: ['tests/protractor/**/*.js'],","    multiCapabilities: multiCapabilities,","    framework: 'jasmine2',","    jasmineNodeOpts: {","        defaultTimeoutInterval: 30000","    },","    plugins: plugins","};","","// if (process.env.TRAVIS_PULL_REQUEST === 'false') {","//     config.sauceUser = process.env.SAUCE_USERNAME;","//     config.sauceKey = process.env.SAUCE_ACCESS_KEY;","// }","","console.log('TRAVIS_PULL_REQUEST', process.env.TRAVIS_PULL_REQUEST);","console.log('protractor config: ', config);","console.log('multiCapabilities: ', multiCapabilities);","","module.exports.config = config;",""],"l":{"1":1,"2":1,"4":1,"5":1,"7":1,"8":0,"16":1,"17":0,"23":1,"55":1,"71":1,"72":1,"73":1,"75":1}},"/home/travis/build/npmtest/node-npmtest-ng-dialog/node_modules/ng-dialog/server.js":{"path":"/home/travis/build/npmtest/node-npmtest-ng-dialog/node_modules/ng-dialog/server.js","s":{"1":2,"2":0,"3":0,"4":0,"5":0,"6":0,"7":0},"b":{"1":[0,0]},"f":{},"fnMap":{},"statementMap":{"1":{"start":{"line":1,"column":0},"end":{"line":1,"column":33}},"2":{"start":{"line":2,"column":0},"end":{"line":2,"column":27}},"3":{"start":{"line":3,"column":0},"end":{"line":3,"column":20}},"4":{"start":{"line":5,"column":0},"end":{"line":5,"column":37}},"5":{"start":{"line":7,"column":0},"end":{"line":7,"column":36}},"6":{"start":{"line":8,"column":0},"end":{"line":8,"column":36}},"7":{"start":{"line":9,"column":0},"end":{"line":9,"column":41}}},"branchMap":{"1":{"line":7,"type":"binary-expr","locations":[{"start":{"line":7,"column":11},"end":{"line":7,"column":27}},{"start":{"line":7,"column":31},"end":{"line":7,"column":35}}]}},"code":["var express = require('express');","var http = require('http');","var app = express();","","app.use(express.static( __dirname ));","","var port = process.env.PORT || 3000;","http.createServer(app).listen(port);","console.log('Server running on ' + port);",""],"l":{"1":2,"2":0,"3":0,"5":0,"7":0,"8":0,"9":0}}}